4/16/2018 1:23:54 PM => Thread Error : Newtonsoft.Json.JsonReaderException: Unexpected character encountered while parsing value: C. Path '', line 0, position 0.
   at Newtonsoft.Json.JsonTextReader.ParseValue()
   at Newtonsoft.Json.JsonTextReader.Read()
   at Newtonsoft.Json.JsonReader.ReadForType(JsonContract contract, Boolean hasConverter)
   at Newtonsoft.Json.Serialization.JsonSerializerInternalReader.Deserialize(JsonReader reader, Type objectType, Boolean checkAdditionalContent)
   at Newtonsoft.Json.JsonSerializer.DeserializeInternal(JsonReader reader, Type objectType)
   at Newtonsoft.Json.JsonConvert.DeserializeObject(String value, Type type, JsonSerializerSettings settings)
   at Newtonsoft.Json.JsonConvert.DeserializeObject[T](String value, JsonSerializerSettings settings)
   at Newtonsoft.Json.JsonConvert.DeserializeObject[T](String value)
   at HaoProgram.IJsonObject`1.LoadJson(String path) in C:\Users\Oska\source\repos\HaoProgram\HaoProgram\object\IJsonObject.cs:line 32
   at HaoProgram.CustomerDataDisplay.DeleteBtn_Click(Object sender, EventArgs e) in C:\Users\Oska\source\repos\HaoProgram\HaoProgram\formcontrol\CustomerDataDisplay.cs:line 123
   at System.Windows.Forms.Control.OnClick(EventArgs e)
   at System.Windows.Forms.Button.OnClick(EventArgs e)
   at System.Windows.Forms.Button.OnMouseUp(MouseEventArgs mevent)
   at System.Windows.Forms.Control.WmMouseUp(Message& m, MouseButtons button, Int32 clicks)
   at System.Windows.Forms.Control.WndProc(Message& m)
   at System.Windows.Forms.ButtonBase.WndProc(Message& m)
   at System.Windows.Forms.Button.WndProc(Message& m)
   at System.Windows.Forms.Control.ControlNativeWindow.OnMessage(Message& m)
   at System.Windows.Forms.Control.ControlNativeWindow.WndProc(Message& m)
   at System.Windows.Forms.NativeWindow.Callback(IntPtr hWnd, Int32 msg, IntPtr wparam, IntPtr lparam)
4/16/2018 1:24:10 PM => Thread Error : Newtonsoft.Json.JsonReaderException: Unexpected character encountered while parsing value: C. Path '', line 0, position 0.
   at Newtonsoft.Json.JsonTextReader.ParseValue()
   at Newtonsoft.Json.JsonTextReader.Read()
   at Newtonsoft.Json.JsonReader.ReadForType(JsonContract contract, Boolean hasConverter)
   at Newtonsoft.Json.Serialization.JsonSerializerInternalReader.Deserialize(JsonReader reader, Type objectType, Boolean checkAdditionalContent)
   at Newtonsoft.Json.JsonSerializer.DeserializeInternal(JsonReader reader, Type objectType)
   at Newtonsoft.Json.JsonConvert.DeserializeObject(String value, Type type, JsonSerializerSettings settings)
   at Newtonsoft.Json.JsonConvert.DeserializeObject[T](String value, JsonSerializerSettings settings)
   at Newtonsoft.Json.JsonConvert.DeserializeObject[T](String value)
   at HaoProgram.IJsonObject`1.LoadJson(String path) in C:\Users\Oska\source\repos\HaoProgram\HaoProgram\object\IJsonObject.cs:line 32
   at HaoProgram.CustomerDataDisplay.DeleteBtn_Click(Object sender, EventArgs e) in C:\Users\Oska\source\repos\HaoProgram\HaoProgram\formcontrol\CustomerDataDisplay.cs:line 123
   at System.Windows.Forms.Control.OnClick(EventArgs e)
   at System.Windows.Forms.Button.OnClick(EventArgs e)
   at System.Windows.Forms.Button.OnMouseUp(MouseEventArgs mevent)
   at System.Windows.Forms.Control.WmMouseUp(Message& m, MouseButtons button, Int32 clicks)
   at System.Windows.Forms.Control.WndProc(Message& m)
   at System.Windows.Forms.ButtonBase.WndProc(Message& m)
   at System.Windows.Forms.Button.WndProc(Message& m)
   at System.Windows.Forms.Control.ControlNativeWindow.OnMessage(Message& m)
   at System.Windows.Forms.Control.ControlNativeWindow.WndProc(Message& m)
   at System.Windows.Forms.NativeWindow.Callback(IntPtr hWnd, Int32 msg, IntPtr wparam, IntPtr lparam)
4/16/2018 1:26:03 PM => Unhandled Error : System.ArgumentNullException: Value cannot be null.
Parameter name: source
   at System.Linq.Enumerable.Where[TSource](IEnumerable`1 source, Func`2 predicate)
   at HaoProgram.CustomerDataDisplay.ProcessCmdKey(Message& msg, Keys keyData) in C:\Users\Oska\source\repos\HaoProgram\HaoProgram\formcontrol\CustomerDataDisplay.cs:line 183
   at System.Windows.Forms.Control.ProcessCmdKey(Message& msg, Keys keyData)
   at System.Windows.Forms.ContainerControl.ProcessCmdKey(Message& msg, Keys keyData)
   at System.Windows.Forms.Control.ProcessCmdKey(Message& msg, Keys keyData)
   at System.Windows.Forms.Control.ProcessCmdKey(Message& msg, Keys keyData)
   at System.Windows.Forms.ContainerControl.ProcessCmdKey(Message& msg, Keys keyData)
   at System.Windows.Forms.Control.ProcessCmdKey(Message& msg, Keys keyData)
   at System.Windows.Forms.Control.ProcessCmdKey(Message& msg, Keys keyData)
   at System.Windows.Forms.Control.ProcessCmdKey(Message& msg, Keys keyData)
   at System.Windows.Forms.Control.PreProcessMessage(Message& msg)
   at System.Windows.Forms.Control.PreProcessControlMessageInternal(Control target, Message& msg)
   at System.Windows.Forms.Control.PreProcessControlMessage(Message& msg)
   at System.Windows.Forms.Integration.ApplicationInterop.ThreadMessageFilter(MSG& msg, Boolean& outHandled)
   at System.Windows.Interop.ComponentDispatcherThread.RaiseThreadMessage(MSG& msg)
   at System.Windows.Threading.Dispatcher.PushFrameImpl(DispatcherFrame frame)
   at System.Windows.Threading.Dispatcher.PushFrame(DispatcherFrame frame)
   at System.Windows.Application.RunDispatcher(Object ignore)
   at System.Windows.Application.RunInternal(Window window)
   at System.Windows.Application.Run(Window window)
   at System.Windows.Application.Run()
   at HaoProgram.App.Main()
4/16/2018 1:28:46 PM => Unhandled Error : Newtonsoft.Json.JsonReaderException: Unexpected character encountered while parsing value: C. Path '', line 0, position 0.
   at Newtonsoft.Json.JsonTextReader.ParseValue()
   at Newtonsoft.Json.JsonTextReader.Read()
   at Newtonsoft.Json.JsonReader.ReadForType(JsonContract contract, Boolean hasConverter)
   at Newtonsoft.Json.Serialization.JsonSerializerInternalReader.Deserialize(JsonReader reader, Type objectType, Boolean checkAdditionalContent)
   at Newtonsoft.Json.JsonSerializer.DeserializeInternal(JsonReader reader, Type objectType)
   at Newtonsoft.Json.JsonConvert.DeserializeObject(String value, Type type, JsonSerializerSettings settings)
   at Newtonsoft.Json.JsonConvert.DeserializeObject[T](String value, JsonSerializerSettings settings)
   at Newtonsoft.Json.JsonConvert.DeserializeObject[T](String value)
   at HaoProgram.IJsonObject`1.LoadJson(String path) in C:\Users\Oska\source\repos\HaoProgram\HaoProgram\object\IJsonObject.cs:line 32
   at HaoProgram.IJsonObject`1.GetList() in C:\Users\Oska\source\repos\HaoProgram\HaoProgram\object\IJsonObject.cs:line 25
   at HaoProgram.CustomerDataDisplay.UpdateAgent() in C:\Users\Oska\source\repos\HaoProgram\HaoProgram\formcontrol\CustomerDataDisplay.cs:line 59
   at HaoProgram.MainWindow.<>c__DisplayClass41_5.<InitializeUI>b__12(Object sender_b, ActionEventArgs at2) in C:\Users\Oska\source\repos\HaoProgram\HaoProgram\MainWindow.xaml.cs:line 337
   at HaoProgram.AgentDataRequest.AddBtn_Click(Object sender, EventArgs e) in C:\Users\Oska\source\repos\HaoProgram\HaoProgram\formcontrol\AgentDataRequest.cs:line 57
   at System.Windows.Forms.Control.OnClick(EventArgs e)
   at System.Windows.Forms.Button.OnClick(EventArgs e)
   at System.Windows.Forms.Button.PerformClick()
   at System.Windows.Forms.Form.ProcessDialogKey(Keys keyData)
   at System.Windows.Forms.ContainerControl.ProcessDialogKey(Keys keyData)
   at System.Windows.Forms.SplitContainer.ProcessDialogKey(Keys keyData)
   at System.Windows.Forms.Control.ProcessDialogKey(Keys keyData)
   at System.Windows.Forms.Control.ProcessDialogKey(Keys keyData)
   at System.Windows.Forms.TextBoxBase.ProcessDialogKey(Keys keyData)
   at System.Windows.Forms.Control.PreProcessMessage(Message& msg)
   at System.Windows.Forms.Control.PreProcessControlMessageInternal(Control target, Message& msg)
   at System.Windows.Forms.Control.PreProcessControlMessage(Message& msg)
   at System.Windows.Forms.Integration.ApplicationInterop.ThreadMessageFilter(MSG& msg, Boolean& outHandled)
   at System.Windows.Interop.ComponentDispatcherThread.RaiseThreadMessage(MSG& msg)
   at System.Windows.Threading.Dispatcher.PushFrameImpl(DispatcherFrame frame)
   at System.Windows.Threading.Dispatcher.PushFrame(DispatcherFrame frame)
   at System.Windows.Application.RunDispatcher(Object ignore)
   at System.Windows.Application.RunInternal(Window window)
   at System.Windows.Application.Run(Window window)
   at System.Windows.Application.Run()
   at HaoProgram.App.Main()
4/16/2018 1:34:36 PM => Unhandled Error : System.ArgumentNullException: Value cannot be null.
Parameter name: source
   at System.Linq.Enumerable.Where[TSource](IEnumerable`1 source, Func`2 predicate)
   at HaoProgram.CustomerDataDisplay.ProcessCmdKey(Message& msg, Keys keyData) in C:\Users\Oska\source\repos\HaoProgram\HaoProgram\formcontrol\CustomerDataDisplay.cs:line 183
   at System.Windows.Forms.Control.ProcessCmdKey(Message& msg, Keys keyData)
   at System.Windows.Forms.ContainerControl.ProcessCmdKey(Message& msg, Keys keyData)
   at System.Windows.Forms.Control.ProcessCmdKey(Message& msg, Keys keyData)
   at System.Windows.Forms.Control.ProcessCmdKey(Message& msg, Keys keyData)
   at System.Windows.Forms.ContainerControl.ProcessCmdKey(Message& msg, Keys keyData)
   at System.Windows.Forms.Control.ProcessCmdKey(Message& msg, Keys keyData)
   at System.Windows.Forms.Control.ProcessCmdKey(Message& msg, Keys keyData)
   at System.Windows.Forms.Control.ProcessCmdKey(Message& msg, Keys keyData)
   at System.Windows.Forms.TextBoxBase.ProcessCmdKey(Message& msg, Keys keyData)
   at System.Windows.Forms.RichTextBox.ProcessCmdKey(Message& m, Keys keyData)
   at System.Windows.Forms.Control.PreProcessMessage(Message& msg)
   at System.Windows.Forms.Control.PreProcessControlMessageInternal(Control target, Message& msg)
   at System.Windows.Forms.Control.PreProcessControlMessage(Message& msg)
   at System.Windows.Forms.Integration.ApplicationInterop.ThreadMessageFilter(MSG& msg, Boolean& outHandled)
   at System.Windows.Interop.ComponentDispatcherThread.RaiseThreadMessage(MSG& msg)
   at System.Windows.Threading.Dispatcher.PushFrameImpl(DispatcherFrame frame)
   at System.Windows.Threading.Dispatcher.PushFrame(DispatcherFrame frame)
   at System.Windows.Application.RunDispatcher(Object ignore)
   at System.Windows.Application.RunInternal(Window window)
   at System.Windows.Application.Run(Window window)
   at System.Windows.Application.Run()
   at HaoProgram.App.Main()
4/16/2018 1:35:38 PM => Thread Error : System.IO.FileNotFoundException: Could not find file 'C:\Users\Oska\source\repos\HaoProgram\HaoProgram\bin\Debug\hold_sales.json'.
File name: 'C:\Users\Oska\source\repos\HaoProgram\HaoProgram\bin\Debug\hold_sales.json'
   at System.IO.__Error.WinIOError(Int32 errorCode, String maybeFullPath)
   at System.IO.FileStream.Init(String path, FileMode mode, FileAccess access, Int32 rights, Boolean useRights, FileShare share, Int32 bufferSize, FileOptions options, SECURITY_ATTRIBUTES secAttrs, String msgPath, Boolean bFromProxy, Boolean useLongPath, Boolean checkHost)
   at System.IO.FileStream..ctor(String path, FileMode mode, FileAccess access, FileShare share, Int32 bufferSize, FileOptions options, String msgPath, Boolean bFromProxy, Boolean useLongPath, Boolean checkHost)
   at System.IO.StreamReader..ctor(String path, Encoding encoding, Boolean detectEncodingFromByteOrderMarks, Int32 bufferSize, Boolean checkHost)
   at System.IO.File.InternalReadAllText(String path, Encoding encoding, Boolean checkHost)
   at System.IO.File.ReadAllText(String path)
   at HaoProgram.HoldSales.LoadJson() in C:\Users\Oska\source\repos\HaoProgram\HaoProgram\object\HoldSales.cs:line 20
   at HaoProgram.DataManager.UpdateData(Object olddata, Object newdata) in C:\Users\Oska\source\repos\HaoProgram\HaoProgram\object\DataManager.cs:line 311
   at HaoProgram.CustomerDataDisplay.SaveBtn_Click(Object sender, EventArgs e) in C:\Users\Oska\source\repos\HaoProgram\HaoProgram\formcontrol\CustomerDataDisplay.cs:line 101
   at System.Windows.Forms.Control.OnClick(EventArgs e)
   at System.Windows.Forms.Button.OnClick(EventArgs e)
   at System.Windows.Forms.Button.OnMouseUp(MouseEventArgs mevent)
   at System.Windows.Forms.Control.WmMouseUp(Message& m, MouseButtons button, Int32 clicks)
   at System.Windows.Forms.Control.WndProc(Message& m)
   at System.Windows.Forms.ButtonBase.WndProc(Message& m)
   at System.Windows.Forms.Button.WndProc(Message& m)
   at System.Windows.Forms.Control.ControlNativeWindow.OnMessage(Message& m)
   at System.Windows.Forms.Control.ControlNativeWindow.WndProc(Message& m)
   at System.Windows.Forms.NativeWindow.Callback(IntPtr hWnd, Int32 msg, IntPtr wparam, IntPtr lparam)
4/16/2018 2:32:55 PM => Unhandled Error : System.ArgumentException: FileStream will not open Win32 devices such as disk partitions and tape drives. Avoid use of "\\.\" in the path.
   at System.IO.FileStream.Init(String path, FileMode mode, FileAccess access, Int32 rights, Boolean useRights, FileShare share, Int32 bufferSize, FileOptions options, SECURITY_ATTRIBUTES secAttrs, String msgPath, Boolean bFromProxy, Boolean useLongPath, Boolean checkHost)
   at System.IO.FileStream..ctor(String path, FileMode mode, FileAccess access, FileShare share, Int32 bufferSize, FileOptions options, String msgPath, Boolean bFromProxy, Boolean useLongPath, Boolean checkHost)
   at System.IO.StreamWriter.CreateFile(String path, Boolean append, Boolean checkHost)
   at System.IO.StreamWriter..ctor(String path, Boolean append, Encoding encoding, Int32 bufferSize, Boolean checkHost)
   at System.IO.StreamWriter..ctor(String path, Boolean append)
   at System.IO.File.CreateText(String path)
   at HaoProgram.IJsonObject`1.SaveJson(String path) in C:\Users\Oska\source\repos\HaoProgram\HaoProgram\object\IJsonObject.cs:line 40
   at HaoProgram.MainWindow.<>c__DisplayClass41_0.<InitializeUI>b__7(Object sender_b, ActionEventArgs at2) in C:\Users\Oska\source\repos\HaoProgram\HaoProgram\MainWindow.xaml.cs:line 144
   at HaoProgram.AgentComissionRequest.AddBtn_Click(Object sender, EventArgs e) in C:\Users\Oska\source\repos\HaoProgram\HaoProgram\formcontrol\AgentComissionRequest.cs:line 57
   at System.Windows.Forms.Control.OnClick(EventArgs e)
   at System.Windows.Forms.Button.OnClick(EventArgs e)
   at System.Windows.Forms.Button.PerformClick()
   at System.Windows.Forms.Form.ProcessDialogKey(Keys keyData)
   at System.Windows.Forms.Control.ProcessDialogKey(Keys keyData)
   at System.Windows.Forms.Control.ProcessDialogKey(Keys keyData)
   at System.Windows.Forms.Control.ProcessDialogKey(Keys keyData)
   at System.Windows.Forms.TextBoxBase.ProcessDialogKey(Keys keyData)
   at System.Windows.Forms.Control.PreProcessMessage(Message& msg)
   at System.Windows.Forms.Control.PreProcessControlMessageInternal(Control target, Message& msg)
   at System.Windows.Forms.Control.PreProcessControlMessage(Message& msg)
   at System.Windows.Forms.Integration.ApplicationInterop.ThreadMessageFilter(MSG& msg, Boolean& outHandled)
   at System.Windows.Interop.ComponentDispatcherThread.RaiseThreadMessage(MSG& msg)
   at System.Windows.Threading.Dispatcher.PushFrameImpl(DispatcherFrame frame)
   at System.Windows.Threading.Dispatcher.PushFrame(DispatcherFrame frame)
   at System.Windows.Application.RunDispatcher(Object ignore)
   at System.Windows.Application.RunInternal(Window window)
   at System.Windows.Application.Run(Window window)
   at System.Windows.Application.Run()
   at HaoProgram.App.Main()
4/16/2018 3:44:14 PM => Thread Error : System.UnauthorizedAccessException: Access to the path 'C:\Users\Oska\source\repos\HaoProgram\HaoProgram\bin\Debug\data' is denied.
   at System.IO.__Error.WinIOError(Int32 errorCode, String maybeFullPath)
   at System.IO.FileStream.Init(String path, FileMode mode, FileAccess access, Int32 rights, Boolean useRights, FileShare share, Int32 bufferSize, FileOptions options, SECURITY_ATTRIBUTES secAttrs, String msgPath, Boolean bFromProxy, Boolean useLongPath, Boolean checkHost)
   at System.IO.FileStream..ctor(String path, FileMode mode, FileAccess access, FileShare share)
   at System.IO.Compression.ZipFileExtensions.DoCreateEntryFromFile(ZipArchive destination, String sourceFileName, String entryName, Nullable`1 compressionLevel)
   at System.IO.Compression.ZipFileExtensions.CreateEntryFromFile(ZipArchive destination, String sourceFileName, String entryName, CompressionLevel compressionLevel)
   at CSharpOskaAPI.IO.ZipCompress.Compress(String source, String zippath, String filename, String zipname)
   at HaoProgram.SettingMenu.BackupBtn_Click(Object sender, EventArgs e) in C:\Users\Oska\source\repos\HaoProgram\HaoProgram\formcontrol\SettingMenu.cs:line 108
   at System.Windows.Forms.Control.OnClick(EventArgs e)
   at System.Windows.Forms.Button.OnClick(EventArgs e)
   at System.Windows.Forms.Button.OnMouseUp(MouseEventArgs mevent)
   at System.Windows.Forms.Control.WmMouseUp(Message& m, MouseButtons button, Int32 clicks)
   at System.Windows.Forms.Control.WndProc(Message& m)
   at System.Windows.Forms.ButtonBase.WndProc(Message& m)
   at System.Windows.Forms.Button.WndProc(Message& m)
   at System.Windows.Forms.Control.ControlNativeWindow.OnMessage(Message& m)
   at System.Windows.Forms.Control.ControlNativeWindow.WndProc(Message& m)
   at System.Windows.Forms.NativeWindow.Callback(IntPtr hWnd, Int32 msg, IntPtr wparam, IntPtr lparam)
4/16/2018 3:48:28 PM => Thread Error : System.IO.FileNotFoundException: Could not find file 'C:\Users\Oska\source\repos\HaoProgram\HaoProgram\bin\Debug\data\customer\JLU6152.json'.
File name: 'C:\Users\Oska\source\repos\HaoProgram\HaoProgram\bin\Debug\data\customer\JLU6152.json'
   at System.IO.__Error.WinIOError(Int32 errorCode, String maybeFullPath)
   at System.IO.FileStream.Init(String path, FileMode mode, FileAccess access, Int32 rights, Boolean useRights, FileShare share, Int32 bufferSize, FileOptions options, SECURITY_ATTRIBUTES secAttrs, String msgPath, Boolean bFromProxy, Boolean useLongPath, Boolean checkHost)
   at System.IO.FileStream..ctor(String path, FileMode mode, FileAccess access, FileShare share, Int32 bufferSize, FileOptions options, String msgPath, Boolean bFromProxy, Boolean useLongPath, Boolean checkHost)
   at System.IO.StreamReader..ctor(String path, Encoding encoding, Boolean detectEncodingFromByteOrderMarks, Int32 bufferSize, Boolean checkHost)
   at System.IO.File.InternalReadAllText(String path, Encoding encoding, Boolean checkHost)
   at System.IO.File.ReadAllText(String path)
   at HaoProgram.IJsonObject`1.LoadJson(String path) in C:\Users\Oska\source\repos\HaoProgram\HaoProgram\object\IJsonObject.cs:line 32
   at HaoProgram.ReportMenu.InitializeView() in C:\Users\Oska\source\repos\HaoProgram\HaoProgram\formcontrol\ReportMenu.cs:line 126
   at HaoProgram.DataManager.UpdateData(Object olddata, Object newdata) in C:\Users\Oska\source\repos\HaoProgram\HaoProgram\object\DataManager.cs:line 231
   at HaoProgram.DataManager.UpdateData(Object olddata, Object newdata) in C:\Users\Oska\source\repos\HaoProgram\HaoProgram\object\DataManager.cs:line 335
   at HaoProgram.CustomerDataDisplay.DeleteBtn_Click(Object sender, EventArgs e) in C:\Users\Oska\source\repos\HaoProgram\HaoProgram\formcontrol\CustomerDataDisplay.cs:line 125
   at System.Windows.Forms.Control.OnClick(EventArgs e)
   at System.Windows.Forms.Button.OnClick(EventArgs e)
   at System.Windows.Forms.Button.OnMouseUp(MouseEventArgs mevent)
   at System.Windows.Forms.Control.WmMouseUp(Message& m, MouseButtons button, Int32 clicks)
   at System.Windows.Forms.Control.WndProc(Message& m)
   at System.Windows.Forms.ButtonBase.WndProc(Message& m)
   at System.Windows.Forms.Button.WndProc(Message& m)
   at System.Windows.Forms.Control.ControlNativeWindow.OnMessage(Message& m)
   at System.Windows.Forms.Control.ControlNativeWindow.WndProc(Message& m)
   at System.Windows.Forms.NativeWindow.Callback(IntPtr hWnd, Int32 msg, IntPtr wparam, IntPtr lparam)
4/16/2018 3:48:30 PM => Thread Error : System.IO.FileNotFoundException: Could not find file 'C:\Users\Oska\source\repos\HaoProgram\HaoProgram\bin\Debug\data\customer\JLU6152.json'.
File name: 'C:\Users\Oska\source\repos\HaoProgram\HaoProgram\bin\Debug\data\customer\JLU6152.json'
   at System.IO.__Error.WinIOError(Int32 errorCode, String maybeFullPath)
   at System.IO.FileStream.Init(String path, FileMode mode, FileAccess access, Int32 rights, Boolean useRights, FileShare share, Int32 bufferSize, FileOptions options, SECURITY_ATTRIBUTES secAttrs, String msgPath, Boolean bFromProxy, Boolean useLongPath, Boolean checkHost)
   at System.IO.FileStream..ctor(String path, FileMode mode, FileAccess access, FileShare share, Int32 bufferSize, FileOptions options, String msgPath, Boolean bFromProxy, Boolean useLongPath, Boolean checkHost)
   at System.IO.StreamReader..ctor(String path, Encoding encoding, Boolean detectEncodingFromByteOrderMarks, Int32 bufferSize, Boolean checkHost)
   at System.IO.File.InternalReadAllText(String path, Encoding encoding, Boolean checkHost)
   at System.IO.File.ReadAllText(String path)
   at HaoProgram.IJsonObject`1.LoadJson(String path) in C:\Users\Oska\source\repos\HaoProgram\HaoProgram\object\IJsonObject.cs:line 32
   at HaoProgram.CustomerDataDisplay.DeleteBtn_Click(Object sender, EventArgs e) in C:\Users\Oska\source\repos\HaoProgram\HaoProgram\formcontrol\CustomerDataDisplay.cs:line 123
   at System.Windows.Forms.Control.OnClick(EventArgs e)
   at System.Windows.Forms.Button.OnClick(EventArgs e)
   at System.Windows.Forms.Button.OnMouseUp(MouseEventArgs mevent)
   at System.Windows.Forms.Control.WmMouseUp(Message& m, MouseButtons button, Int32 clicks)
   at System.Windows.Forms.Control.WndProc(Message& m)
   at System.Windows.Forms.ButtonBase.WndProc(Message& m)
   at System.Windows.Forms.Button.WndProc(Message& m)
   at System.Windows.Forms.Control.ControlNativeWindow.OnMessage(Message& m)
   at System.Windows.Forms.Control.ControlNativeWindow.WndProc(Message& m)
   at System.Windows.Forms.NativeWindow.Callback(IntPtr hWnd, Int32 msg, IntPtr wparam, IntPtr lparam)
4/16/2018 3:48:48 PM => UI Thread Error : 'The invocation of the constructor on type 'HaoProgram.MainWindow' that matches the specified binding constraints threw an exception.' Line number '7' and line position '9'.
4/16/2018 3:48:48 PM => Unhandled Error : System.Windows.Markup.XamlParseException: 'The invocation of the constructor on type 'HaoProgram.MainWindow' that matches the specified binding constraints threw an exception.' Line number '7' and line position '9'. ---> System.IO.FileNotFoundException: Could not find file 'C:\Users\Oska\source\repos\HaoProgram\HaoProgram\bin\Debug\data\customer\JLU6152.json'.
   at System.IO.__Error.WinIOError(Int32 errorCode, String maybeFullPath)
   at System.IO.FileStream.Init(String path, FileMode mode, FileAccess access, Int32 rights, Boolean useRights, FileShare share, Int32 bufferSize, FileOptions options, SECURITY_ATTRIBUTES secAttrs, String msgPath, Boolean bFromProxy, Boolean useLongPath, Boolean checkHost)
   at System.IO.FileStream..ctor(String path, FileMode mode, FileAccess access, FileShare share, Int32 bufferSize, FileOptions options, String msgPath, Boolean bFromProxy, Boolean useLongPath, Boolean checkHost)
   at System.IO.StreamReader..ctor(String path, Encoding encoding, Boolean detectEncodingFromByteOrderMarks, Int32 bufferSize, Boolean checkHost)
   at System.IO.File.InternalReadAllText(String path, Encoding encoding, Boolean checkHost)
   at System.IO.File.ReadAllText(String path)
   at HaoProgram.IJsonObject`1.LoadJson(String path) in C:\Users\Oska\source\repos\HaoProgram\HaoProgram\object\IJsonObject.cs:line 32
   at HaoProgram.ReportMenu.InitializeView() in C:\Users\Oska\source\repos\HaoProgram\HaoProgram\formcontrol\ReportMenu.cs:line 126
   at HaoProgram.ReportMenu..ctor() in C:\Users\Oska\source\repos\HaoProgram\HaoProgram\formcontrol\ReportMenu.cs:line 45
   at HaoProgram.MainWindow.InitializeUI() in C:\Users\Oska\source\repos\HaoProgram\HaoProgram\MainWindow.xaml.cs:line 87
   at HaoProgram.MainWindow..ctor() in C:\Users\Oska\source\repos\HaoProgram\HaoProgram\MainWindow.xaml.cs:line 47
   --- End of inner exception stack trace ---
   at System.Windows.Markup.WpfXamlLoader.Load(XamlReader xamlReader, IXamlObjectWriterFactory writerFactory, Boolean skipJournaledProperties, Object rootObject, XamlObjectWriterSettings settings, Uri baseUri)
   at System.Windows.Markup.WpfXamlLoader.LoadBaml(XamlReader xamlReader, Boolean skipJournaledProperties, Object rootObject, XamlAccessLevel accessLevel, Uri baseUri)
   at System.Windows.Markup.XamlReader.LoadBaml(Stream stream, ParserContext parserContext, Object parent, Boolean closeStream)
   at System.Windows.Application.LoadBamlStreamWithSyncInfo(Stream stream, ParserContext pc)
   at System.Windows.Application.LoadComponent(Uri resourceLocator, Boolean bSkipJournaledProperties)
   at System.Windows.Application.DoStartup()
   at System.Windows.Application.<.ctor>b__1_0(Object unused)
   at System.Windows.Threading.ExceptionWrapper.InternalRealCall(Delegate callback, Object args, Int32 numArgs)
   at System.Windows.Threading.ExceptionWrapper.TryCatchWhen(Object source, Delegate callback, Object args, Int32 numArgs, Delegate catchHandler)
   at System.Windows.Threading.DispatcherOperation.InvokeImpl()
   at System.Windows.Threading.DispatcherOperation.InvokeInSecurityContext(Object state)
   at MS.Internal.CulturePreservingExecutionContext.CallbackWrapper(Object obj)
   at System.Threading.ExecutionContext.RunInternal(ExecutionContext executionContext, ContextCallback callback, Object state, Boolean preserveSyncCtx)
   at System.Threading.ExecutionContext.Run(ExecutionContext executionContext, ContextCallback callback, Object state, Boolean preserveSyncCtx)
   at System.Threading.ExecutionContext.Run(ExecutionContext executionContext, ContextCallback callback, Object state)
   at MS.Internal.CulturePreservingExecutionContext.Run(CulturePreservingExecutionContext executionContext, ContextCallback callback, Object state)
   at System.Windows.Threading.DispatcherOperation.Invoke()
   at System.Windows.Threading.Dispatcher.ProcessQueue()
   at System.Windows.Threading.Dispatcher.WndProcHook(IntPtr hwnd, Int32 msg, IntPtr wParam, IntPtr lParam, Boolean& handled)
   at MS.Win32.HwndWrapper.WndProc(IntPtr hwnd, Int32 msg, IntPtr wParam, IntPtr lParam, Boolean& handled)
   at MS.Win32.HwndSubclass.DispatcherCallbackOperation(Object o)
   at System.Windows.Threading.ExceptionWrapper.InternalRealCall(Delegate callback, Object args, Int32 numArgs)
   at System.Windows.Threading.ExceptionWrapper.TryCatchWhen(Object source, Delegate callback, Object args, Int32 numArgs, Delegate catchHandler)
   at System.Windows.Threading.Dispatcher.LegacyInvokeImpl(DispatcherPriority priority, TimeSpan timeout, Delegate method, Object args, Int32 numArgs)
   at MS.Win32.HwndSubclass.SubclassWndProc(IntPtr hwnd, Int32 msg, IntPtr wParam, IntPtr lParam)
   at MS.Win32.UnsafeNativeMethods.DispatchMessage(MSG& msg)
   at System.Windows.Threading.Dispatcher.PushFrameImpl(DispatcherFrame frame)
   at System.Windows.Threading.Dispatcher.PushFrame(DispatcherFrame frame)
   at System.Windows.Application.RunDispatcher(Object ignore)
   at System.Windows.Application.RunInternal(Window window)
   at System.Windows.Application.Run(Window window)
   at System.Windows.Application.Run()
   at HaoProgram.App.Main()
4/16/2018 3:49:00 PM => UI Thread Error : 'The invocation of the constructor on type 'HaoProgram.MainWindow' that matches the specified binding constraints threw an exception.' Line number '7' and line position '9'.
4/16/2018 3:49:00 PM => Unhandled Error : System.Windows.Markup.XamlParseException: 'The invocation of the constructor on type 'HaoProgram.MainWindow' that matches the specified binding constraints threw an exception.' Line number '7' and line position '9'. ---> System.IO.FileNotFoundException: Could not find file 'C:\Users\Oska\source\repos\HaoProgram\HaoProgram\bin\Debug\data\customer\JLU6152.json'.
   at System.IO.__Error.WinIOError(Int32 errorCode, String maybeFullPath)
   at System.IO.FileStream.Init(String path, FileMode mode, FileAccess access, Int32 rights, Boolean useRights, FileShare share, Int32 bufferSize, FileOptions options, SECURITY_ATTRIBUTES secAttrs, String msgPath, Boolean bFromProxy, Boolean useLongPath, Boolean checkHost)
   at System.IO.FileStream..ctor(String path, FileMode mode, FileAccess access, FileShare share, Int32 bufferSize, FileOptions options, String msgPath, Boolean bFromProxy, Boolean useLongPath, Boolean checkHost)
   at System.IO.StreamReader..ctor(String path, Encoding encoding, Boolean detectEncodingFromByteOrderMarks, Int32 bufferSize, Boolean checkHost)
   at System.IO.File.InternalReadAllText(String path, Encoding encoding, Boolean checkHost)
   at System.IO.File.ReadAllText(String path)
   at HaoProgram.IJsonObject`1.LoadJson(String path) in C:\Users\Oska\source\repos\HaoProgram\HaoProgram\object\IJsonObject.cs:line 32
   at HaoProgram.ReportMenu.InitializeView() in C:\Users\Oska\source\repos\HaoProgram\HaoProgram\formcontrol\ReportMenu.cs:line 126
   at HaoProgram.ReportMenu..ctor() in C:\Users\Oska\source\repos\HaoProgram\HaoProgram\formcontrol\ReportMenu.cs:line 45
   at HaoProgram.MainWindow.InitializeUI() in C:\Users\Oska\source\repos\HaoProgram\HaoProgram\MainWindow.xaml.cs:line 87
   at HaoProgram.MainWindow..ctor() in C:\Users\Oska\source\repos\HaoProgram\HaoProgram\MainWindow.xaml.cs:line 47
   --- End of inner exception stack trace ---
   at System.Windows.Markup.WpfXamlLoader.Load(XamlReader xamlReader, IXamlObjectWriterFactory writerFactory, Boolean skipJournaledProperties, Object rootObject, XamlObjectWriterSettings settings, Uri baseUri)
   at System.Windows.Markup.WpfXamlLoader.LoadBaml(XamlReader xamlReader, Boolean skipJournaledProperties, Object rootObject, XamlAccessLevel accessLevel, Uri baseUri)
   at System.Windows.Markup.XamlReader.LoadBaml(Stream stream, ParserContext parserContext, Object parent, Boolean closeStream)
   at System.Windows.Application.LoadBamlStreamWithSyncInfo(Stream stream, ParserContext pc)
   at System.Windows.Application.LoadComponent(Uri resourceLocator, Boolean bSkipJournaledProperties)
   at System.Windows.Application.DoStartup()
   at System.Windows.Application.<.ctor>b__1_0(Object unused)
   at System.Windows.Threading.ExceptionWrapper.InternalRealCall(Delegate callback, Object args, Int32 numArgs)
   at System.Windows.Threading.ExceptionWrapper.TryCatchWhen(Object source, Delegate callback, Object args, Int32 numArgs, Delegate catchHandler)
   at System.Windows.Threading.DispatcherOperation.InvokeImpl()
   at System.Windows.Threading.DispatcherOperation.InvokeInSecurityContext(Object state)
   at MS.Internal.CulturePreservingExecutionContext.CallbackWrapper(Object obj)
   at System.Threading.ExecutionContext.RunInternal(ExecutionContext executionContext, ContextCallback callback, Object state, Boolean preserveSyncCtx)
   at System.Threading.ExecutionContext.Run(ExecutionContext executionContext, ContextCallback callback, Object state, Boolean preserveSyncCtx)
   at System.Threading.ExecutionContext.Run(ExecutionContext executionContext, ContextCallback callback, Object state)
   at MS.Internal.CulturePreservingExecutionContext.Run(CulturePreservingExecutionContext executionContext, ContextCallback callback, Object state)
   at System.Windows.Threading.DispatcherOperation.Invoke()
   at System.Windows.Threading.Dispatcher.ProcessQueue()
   at System.Windows.Threading.Dispatcher.WndProcHook(IntPtr hwnd, Int32 msg, IntPtr wParam, IntPtr lParam, Boolean& handled)
   at MS.Win32.HwndWrapper.WndProc(IntPtr hwnd, Int32 msg, IntPtr wParam, IntPtr lParam, Boolean& handled)
   at MS.Win32.HwndSubclass.DispatcherCallbackOperation(Object o)
   at System.Windows.Threading.ExceptionWrapper.InternalRealCall(Delegate callback, Object args, Int32 numArgs)
   at System.Windows.Threading.ExceptionWrapper.TryCatchWhen(Object source, Delegate callback, Object args, Int32 numArgs, Delegate catchHandler)
   at System.Windows.Threading.Dispatcher.LegacyInvokeImpl(DispatcherPriority priority, TimeSpan timeout, Delegate method, Object args, Int32 numArgs)
   at MS.Win32.HwndSubclass.SubclassWndProc(IntPtr hwnd, Int32 msg, IntPtr wParam, IntPtr lParam)
   at MS.Win32.UnsafeNativeMethods.DispatchMessage(MSG& msg)
   at System.Windows.Threading.Dispatcher.PushFrameImpl(DispatcherFrame frame)
   at System.Windows.Threading.Dispatcher.PushFrame(DispatcherFrame frame)
   at System.Windows.Application.RunDispatcher(Object ignore)
   at System.Windows.Application.RunInternal(Window window)
   at System.Windows.Application.Run(Window window)
   at System.Windows.Application.Run()
   at HaoProgram.App.Main()
4/16/2018 3:51:36 PM => Thread Error : System.IO.IOException: The file 'C:\Users\Oska\source\repos\HaoProgram\HaoProgram\bin\Debug\data\apt_type.config' already exists.
   at System.IO.__Error.WinIOError(Int32 errorCode, String maybeFullPath)
   at System.IO.FileStream.Init(String path, FileMode mode, FileAccess access, Int32 rights, Boolean useRights, FileShare share, Int32 bufferSize, FileOptions options, SECURITY_ATTRIBUTES secAttrs, String msgPath, Boolean bFromProxy, Boolean useLongPath, Boolean checkHost)
   at System.IO.FileStream..ctor(String path, FileMode mode, FileAccess access, FileShare share)
   at System.IO.Compression.ZipFileExtensions.ExtractToFile(ZipArchiveEntry source, String destinationFileName, Boolean overwrite)
   at System.IO.Compression.ZipFileExtensions.ExtractToDirectory(ZipArchive source, String destinationDirectoryName)
   at System.IO.Compression.ZipFile.ExtractToDirectory(String sourceArchiveFileName, String destinationDirectoryName, Encoding entryNameEncoding)
   at System.IO.Compression.ZipFile.ExtractToDirectory(String sourceArchiveFileName, String destinationDirectoryName)
   at CSharpOskaAPI.IO.ZipCompress.Decompress(String zippath, String pathto)
   at HaoProgram.SettingMenu.RestoreBtn_Click(Object sender, EventArgs e) in C:\Users\Oska\source\repos\HaoProgram\HaoProgram\formcontrol\SettingMenu.cs:line 122
   at System.Windows.Forms.Control.OnClick(EventArgs e)
   at System.Windows.Forms.Button.OnClick(EventArgs e)
   at System.Windows.Forms.Button.OnMouseUp(MouseEventArgs mevent)
   at System.Windows.Forms.Control.WmMouseUp(Message& m, MouseButtons button, Int32 clicks)
   at System.Windows.Forms.Control.WndProc(Message& m)
   at System.Windows.Forms.ButtonBase.WndProc(Message& m)
   at System.Windows.Forms.Button.WndProc(Message& m)
   at System.Windows.Forms.Control.ControlNativeWindow.OnMessage(Message& m)
   at System.Windows.Forms.Control.ControlNativeWindow.WndProc(Message& m)
   at System.Windows.Forms.NativeWindow.Callback(IntPtr hWnd, Int32 msg, IntPtr wparam, IntPtr lparam)
4/16/2018 3:52:05 PM => Thread Error : System.IO.IOException: The file 'C:\Users\Oska\source\repos\HaoProgram\HaoProgram\bin\Debug\data\apt_type.config' already exists.
   at System.IO.__Error.WinIOError(Int32 errorCode, String maybeFullPath)
   at System.IO.FileStream.Init(String path, FileMode mode, FileAccess access, Int32 rights, Boolean useRights, FileShare share, Int32 bufferSize, FileOptions options, SECURITY_ATTRIBUTES secAttrs, String msgPath, Boolean bFromProxy, Boolean useLongPath, Boolean checkHost)
   at System.IO.FileStream..ctor(String path, FileMode mode, FileAccess access, FileShare share)
   at System.IO.Compression.ZipFileExtensions.ExtractToFile(ZipArchiveEntry source, String destinationFileName, Boolean overwrite)
   at System.IO.Compression.ZipFileExtensions.ExtractToDirectory(ZipArchive source, String destinationDirectoryName)
   at System.IO.Compression.ZipFile.ExtractToDirectory(String sourceArchiveFileName, String destinationDirectoryName, Encoding entryNameEncoding)
   at System.IO.Compression.ZipFile.ExtractToDirectory(String sourceArchiveFileName, String destinationDirectoryName)
   at CSharpOskaAPI.IO.ZipCompress.Decompress(String zippath, String pathto)
   at HaoProgram.SettingMenu.RestoreBtn_Click(Object sender, EventArgs e) in C:\Users\Oska\source\repos\HaoProgram\HaoProgram\formcontrol\SettingMenu.cs:line 122
   at System.Windows.Forms.Control.OnClick(EventArgs e)
   at System.Windows.Forms.Button.OnClick(EventArgs e)
   at System.Windows.Forms.Button.OnMouseUp(MouseEventArgs mevent)
   at System.Windows.Forms.Control.WmMouseUp(Message& m, MouseButtons button, Int32 clicks)
   at System.Windows.Forms.Control.WndProc(Message& m)
   at System.Windows.Forms.ButtonBase.WndProc(Message& m)
   at System.Windows.Forms.Button.WndProc(Message& m)
   at System.Windows.Forms.Control.ControlNativeWindow.OnMessage(Message& m)
   at System.Windows.Forms.Control.ControlNativeWindow.WndProc(Message& m)
   at System.Windows.Forms.NativeWindow.Callback(IntPtr hWnd, Int32 msg, IntPtr wparam, IntPtr lparam)
4/16/2018 3:53:11 PM => Thread Error : System.IO.IOException: The directory is not empty.

   at System.IO.__Error.WinIOError(Int32 errorCode, String maybeFullPath)
   at System.IO.Directory.DeleteHelper(String fullPath, String userPath, Boolean recursive, Boolean throwOnTopLevelDirectoryNotFound)
   at System.IO.Directory.Delete(String fullPath, String userPath, Boolean recursive, Boolean checkHost)
   at System.IO.Directory.Delete(String path)
   at HaoProgram.SettingMenu.RestoreBtn_Click(Object sender, EventArgs e) in C:\Users\Oska\source\repos\HaoProgram\HaoProgram\formcontrol\SettingMenu.cs:line 122
   at System.Windows.Forms.Control.OnClick(EventArgs e)
   at System.Windows.Forms.Button.OnClick(EventArgs e)
   at System.Windows.Forms.Button.OnMouseUp(MouseEventArgs mevent)
   at System.Windows.Forms.Control.WmMouseUp(Message& m, MouseButtons button, Int32 clicks)
   at System.Windows.Forms.Control.WndProc(Message& m)
   at System.Windows.Forms.ButtonBase.WndProc(Message& m)
   at System.Windows.Forms.Button.WndProc(Message& m)
   at System.Windows.Forms.Control.ControlNativeWindow.OnMessage(Message& m)
   at System.Windows.Forms.Control.ControlNativeWindow.WndProc(Message& m)
   at System.Windows.Forms.NativeWindow.Callback(IntPtr hWnd, Int32 msg, IntPtr wparam, IntPtr lparam)
4/22/2018 11:06:47 PM => Unhandled Error : System.NullReferenceException: Object reference not set to an instance of an object.
   at HaoProgram.MainWindow..ctor(InitUI iu) in C:\Users\Oska\source\repos\HaoProgram\HaoProgram\MainWindow.xaml.cs:line 44
   at HaoProgram.App..ctor() in C:\Users\Oska\source\repos\HaoProgram\HaoProgram\App.xaml.cs:line 72
   at HaoProgram.App.Main() in C:\Users\Oska\source\repos\HaoProgram\HaoProgram\obj\Debug\App.g.cs:line 51
5/6/2018 4:01:31 PM => Thread Error : System.NullReferenceException: Object reference not set to an instance of an object.
   at HaoProgram.AppointmentScanRequest.LoadBtn_Click(Object sender, EventArgs e) in C:\Users\Oska\source\repos\HaoProgram\HaoProgram\formcontrol\AppointmentScanRequest.cs:line 121
   at System.Windows.Forms.Control.OnClick(EventArgs e)
   at System.Windows.Forms.Button.OnClick(EventArgs e)
   at System.Windows.Forms.Button.OnMouseUp(MouseEventArgs mevent)
   at System.Windows.Forms.Control.WmMouseUp(Message& m, MouseButtons button, Int32 clicks)
   at System.Windows.Forms.Control.WndProc(Message& m)
   at System.Windows.Forms.ButtonBase.WndProc(Message& m)
   at System.Windows.Forms.Button.WndProc(Message& m)
   at System.Windows.Forms.Control.ControlNativeWindow.OnMessage(Message& m)
   at System.Windows.Forms.Control.ControlNativeWindow.WndProc(Message& m)
   at System.Windows.Forms.NativeWindow.Callback(IntPtr hWnd, Int32 msg, IntPtr wparam, IntPtr lparam)
5/6/2018 4:01:51 PM => Thread Error : System.NullReferenceException: Object reference not set to an instance of an object.
   at HaoProgram.AppointmentScanRequest.LoadBtn_Click(Object sender, EventArgs e) in C:\Users\Oska\source\repos\HaoProgram\HaoProgram\formcontrol\AppointmentScanRequest.cs:line 121
   at System.Windows.Forms.Control.OnClick(EventArgs e)
   at System.Windows.Forms.Button.OnClick(EventArgs e)
   at System.Windows.Forms.Button.OnMouseUp(MouseEventArgs mevent)
   at System.Windows.Forms.Control.WmMouseUp(Message& m, MouseButtons button, Int32 clicks)
   at System.Windows.Forms.Control.WndProc(Message& m)
   at System.Windows.Forms.ButtonBase.WndProc(Message& m)
   at System.Windows.Forms.Button.WndProc(Message& m)
   at System.Windows.Forms.Control.ControlNativeWindow.OnMessage(Message& m)
   at System.Windows.Forms.Control.ControlNativeWindow.WndProc(Message& m)
   at System.Windows.Forms.NativeWindow.Callback(IntPtr hWnd, Int32 msg, IntPtr wparam, IntPtr lparam)
5/6/2018 4:02:20 PM => Thread Error : System.NullReferenceException: Object reference not set to an instance of an object.
   at HaoProgram.AppointmentScanRequest.LoadBtn_Click(Object sender, EventArgs e) in C:\Users\Oska\source\repos\HaoProgram\HaoProgram\formcontrol\AppointmentScanRequest.cs:line 121
   at System.Windows.Forms.Control.OnClick(EventArgs e)
   at System.Windows.Forms.Button.OnClick(EventArgs e)
   at System.Windows.Forms.Button.OnMouseUp(MouseEventArgs mevent)
   at System.Windows.Forms.Control.WmMouseUp(Message& m, MouseButtons button, Int32 clicks)
   at System.Windows.Forms.Control.WndProc(Message& m)
   at System.Windows.Forms.ButtonBase.WndProc(Message& m)
   at System.Windows.Forms.Button.WndProc(Message& m)
   at System.Windows.Forms.Control.ControlNativeWindow.OnMessage(Message& m)
   at System.Windows.Forms.Control.ControlNativeWindow.WndProc(Message& m)
   at System.Windows.Forms.NativeWindow.Callback(IntPtr hWnd, Int32 msg, IntPtr wparam, IntPtr lparam)
5/6/2018 4:02:47 PM => Thread Error : System.NullReferenceException: Object reference not set to an instance of an object.
   at HaoProgram.AppointmentScanRequest.LoadBtn_Click(Object sender, EventArgs e) in C:\Users\Oska\source\repos\HaoProgram\HaoProgram\formcontrol\AppointmentScanRequest.cs:line 121
   at System.Windows.Forms.Control.OnClick(EventArgs e)
   at System.Windows.Forms.Button.OnClick(EventArgs e)
   at System.Windows.Forms.Button.OnMouseUp(MouseEventArgs mevent)
   at System.Windows.Forms.Control.WmMouseUp(Message& m, MouseButtons button, Int32 clicks)
   at System.Windows.Forms.Control.WndProc(Message& m)
   at System.Windows.Forms.ButtonBase.WndProc(Message& m)
   at System.Windows.Forms.Button.WndProc(Message& m)
   at System.Windows.Forms.Control.ControlNativeWindow.OnMessage(Message& m)
   at System.Windows.Forms.Control.ControlNativeWindow.WndProc(Message& m)
   at System.Windows.Forms.NativeWindow.Callback(IntPtr hWnd, Int32 msg, IntPtr wparam, IntPtr lparam)
5/6/2018 4:02:49 PM => Thread Error : System.NullReferenceException: Object reference not set to an instance of an object.
   at HaoProgram.AppointmentScanRequest.LoadBtn_Click(Object sender, EventArgs e) in C:\Users\Oska\source\repos\HaoProgram\HaoProgram\formcontrol\AppointmentScanRequest.cs:line 121
   at System.Windows.Forms.Control.OnClick(EventArgs e)
   at System.Windows.Forms.Button.OnClick(EventArgs e)
   at System.Windows.Forms.Button.OnMouseUp(MouseEventArgs mevent)
   at System.Windows.Forms.Control.WmMouseUp(Message& m, MouseButtons button, Int32 clicks)
   at System.Windows.Forms.Control.WndProc(Message& m)
   at System.Windows.Forms.ButtonBase.WndProc(Message& m)
   at System.Windows.Forms.Button.WndProc(Message& m)
   at System.Windows.Forms.Control.ControlNativeWindow.OnMessage(Message& m)
   at System.Windows.Forms.Control.ControlNativeWindow.WndProc(Message& m)
   at System.Windows.Forms.NativeWindow.Callback(IntPtr hWnd, Int32 msg, IntPtr wparam, IntPtr lparam)
5/6/2018 4:02:51 PM => Thread Error : System.NullReferenceException: Object reference not set to an instance of an object.
   at HaoProgram.AppointmentScanRequest.LoadBtn_Click(Object sender, EventArgs e) in C:\Users\Oska\source\repos\HaoProgram\HaoProgram\formcontrol\AppointmentScanRequest.cs:line 121
   at System.Windows.Forms.Control.OnClick(EventArgs e)
   at System.Windows.Forms.Button.OnClick(EventArgs e)
   at System.Windows.Forms.Button.OnMouseUp(MouseEventArgs mevent)
   at System.Windows.Forms.Control.WmMouseUp(Message& m, MouseButtons button, Int32 clicks)
   at System.Windows.Forms.Control.WndProc(Message& m)
   at System.Windows.Forms.ButtonBase.WndProc(Message& m)
   at System.Windows.Forms.Button.WndProc(Message& m)
   at System.Windows.Forms.Control.ControlNativeWindow.OnMessage(Message& m)
   at System.Windows.Forms.Control.ControlNativeWindow.WndProc(Message& m)
   at System.Windows.Forms.NativeWindow.Callback(IntPtr hWnd, Int32 msg, IntPtr wparam, IntPtr lparam)
5/6/2018 4:14:55 PM => Scanner error : Cancel
5/6/2018 4:14:58 PM => Thread Error : System.NullReferenceException: Object reference not set to an instance of an object.
   at HaoProgram.AppointmentScanRequest.LoadBtn_Click(Object sender, EventArgs e) in C:\Users\Oska\source\repos\HaoProgram\HaoProgram\formcontrol\AppointmentScanRequest.cs:line 121
   at System.Windows.Forms.Control.OnClick(EventArgs e)
   at System.Windows.Forms.Button.OnClick(EventArgs e)
   at System.Windows.Forms.Button.OnMouseUp(MouseEventArgs mevent)
   at System.Windows.Forms.Control.WmMouseUp(Message& m, MouseButtons button, Int32 clicks)
   at System.Windows.Forms.Control.WndProc(Message& m)
   at System.Windows.Forms.ButtonBase.WndProc(Message& m)
   at System.Windows.Forms.Button.WndProc(Message& m)
   at System.Windows.Forms.Control.ControlNativeWindow.OnMessage(Message& m)
   at System.Windows.Forms.Control.ControlNativeWindow.WndProc(Message& m)
   at System.Windows.Forms.NativeWindow.Callback(IntPtr hWnd, Int32 msg, IntPtr wparam, IntPtr lparam)
5/6/2018 4:15:00 PM => Thread Error : System.NullReferenceException: Object reference not set to an instance of an object.
   at HaoProgram.AppointmentScanRequest.LoadBtn_Click(Object sender, EventArgs e) in C:\Users\Oska\source\repos\HaoProgram\HaoProgram\formcontrol\AppointmentScanRequest.cs:line 121
   at System.Windows.Forms.Control.OnClick(EventArgs e)
   at System.Windows.Forms.Button.OnClick(EventArgs e)
   at System.Windows.Forms.Button.OnMouseUp(MouseEventArgs mevent)
   at System.Windows.Forms.Control.WmMouseUp(Message& m, MouseButtons button, Int32 clicks)
   at System.Windows.Forms.Control.WndProc(Message& m)
   at System.Windows.Forms.ButtonBase.WndProc(Message& m)
   at System.Windows.Forms.Button.WndProc(Message& m)
   at System.Windows.Forms.Control.ControlNativeWindow.OnMessage(Message& m)
   at System.Windows.Forms.Control.ControlNativeWindow.WndProc(Message& m)
   at System.Windows.Forms.NativeWindow.Callback(IntPtr hWnd, Int32 msg, IntPtr wparam, IntPtr lparam)
5/6/2018 4:15:02 PM => Thread Error : System.NullReferenceException: Object reference not set to an instance of an object.
   at HaoProgram.AppointmentScanRequest.LoadBtn_Click(Object sender, EventArgs e) in C:\Users\Oska\source\repos\HaoProgram\HaoProgram\formcontrol\AppointmentScanRequest.cs:line 121
   at System.Windows.Forms.Control.OnClick(EventArgs e)
   at System.Windows.Forms.Button.OnClick(EventArgs e)
   at System.Windows.Forms.Button.OnMouseUp(MouseEventArgs mevent)
   at System.Windows.Forms.Control.WmMouseUp(Message& m, MouseButtons button, Int32 clicks)
   at System.Windows.Forms.Control.WndProc(Message& m)
   at System.Windows.Forms.ButtonBase.WndProc(Message& m)
   at System.Windows.Forms.Button.WndProc(Message& m)
   at System.Windows.Forms.Control.ControlNativeWindow.OnMessage(Message& m)
   at System.Windows.Forms.Control.ControlNativeWindow.WndProc(Message& m)
   at System.Windows.Forms.NativeWindow.Callback(IntPtr hWnd, Int32 msg, IntPtr wparam, IntPtr lparam)
5/6/2018 4:16:20 PM => Thread Error : System.NullReferenceException: Object reference not set to an instance of an object.
   at HaoProgram.AppointmentScanRequest.LoadBtn_Click(Object sender, EventArgs e) in C:\Users\Oska\source\repos\HaoProgram\HaoProgram\formcontrol\AppointmentScanRequest.cs:line 122
   at System.Windows.Forms.Control.OnClick(EventArgs e)
   at System.Windows.Forms.Button.OnClick(EventArgs e)
   at System.Windows.Forms.Button.OnMouseUp(MouseEventArgs mevent)
   at System.Windows.Forms.Control.WmMouseUp(Message& m, MouseButtons button, Int32 clicks)
   at System.Windows.Forms.Control.WndProc(Message& m)
   at System.Windows.Forms.ButtonBase.WndProc(Message& m)
   at System.Windows.Forms.Button.WndProc(Message& m)
   at System.Windows.Forms.Control.ControlNativeWindow.OnMessage(Message& m)
   at System.Windows.Forms.Control.ControlNativeWindow.WndProc(Message& m)
   at System.Windows.Forms.NativeWindow.Callback(IntPtr hWnd, Int32 msg, IntPtr wparam, IntPtr lparam)
5/6/2018 4:18:17 PM => Thread Error : System.NullReferenceException: Object reference not set to an instance of an object.
   at HaoProgram.AppointmentScanRequest.LoadBtn_Click(Object sender, EventArgs e) in C:\Users\Oska\source\repos\HaoProgram\HaoProgram\formcontrol\AppointmentScanRequest.cs:line 122
   at System.Windows.Forms.Control.OnClick(EventArgs e)
   at System.Windows.Forms.Button.OnClick(EventArgs e)
   at System.Windows.Forms.Button.OnMouseUp(MouseEventArgs mevent)
   at System.Windows.Forms.Control.WmMouseUp(Message& m, MouseButtons button, Int32 clicks)
   at System.Windows.Forms.Control.WndProc(Message& m)
   at System.Windows.Forms.ButtonBase.WndProc(Message& m)
   at System.Windows.Forms.Button.WndProc(Message& m)
   at System.Windows.Forms.Control.ControlNativeWindow.OnMessage(Message& m)
   at System.Windows.Forms.Control.ControlNativeWindow.WndProc(Message& m)
   at System.Windows.Forms.NativeWindow.Callback(IntPtr hWnd, Int32 msg, IntPtr wparam, IntPtr lparam)
5/6/2018 4:23:43 PM => Thread Error : System.IO.DirectoryNotFoundException: Could not find a part of the path 'C:\Users\Oska\source\repos\HaoProgram\HaoProgram\bin\Debug\/data/customer/JLU 6152/Scanned_1.png'.
   at System.IO.__Error.WinIOError(Int32 errorCode, String maybeFullPath)
   at System.IO.File.InternalCopy(String sourceFileName, String destFileName, Boolean overwrite, Boolean checkHost)
   at System.IO.File.Copy(String sourceFileName, String destFileName)
   at HaoProgram.AppointmentScanRequest.LoadBtn_Click(Object sender, EventArgs e) in C:\Users\Oska\source\repos\HaoProgram\HaoProgram\formcontrol\AppointmentScanRequest.cs:line 126
   at System.Windows.Forms.Control.OnClick(EventArgs e)
   at System.Windows.Forms.Button.OnClick(EventArgs e)
   at System.Windows.Forms.Button.OnMouseUp(MouseEventArgs mevent)
   at System.Windows.Forms.Control.WmMouseUp(Message& m, MouseButtons button, Int32 clicks)
   at System.Windows.Forms.Control.WndProc(Message& m)
   at System.Windows.Forms.ButtonBase.WndProc(Message& m)
   at System.Windows.Forms.Button.WndProc(Message& m)
   at System.Windows.Forms.Control.ControlNativeWindow.OnMessage(Message& m)
   at System.Windows.Forms.Control.ControlNativeWindow.WndProc(Message& m)
   at System.Windows.Forms.NativeWindow.Callback(IntPtr hWnd, Int32 msg, IntPtr wparam, IntPtr lparam)
5/6/2018 4:25:32 PM => Thread Error : System.IO.DirectoryNotFoundException: Could not find a part of the path 'C:\Users\Oska\source\repos\HaoProgram\HaoProgram\bin\Debug\data\customer\JLU 6152\Scanned_1.png'.
   at System.IO.__Error.WinIOError(Int32 errorCode, String maybeFullPath)
   at System.IO.FileStream.Init(String path, FileMode mode, FileAccess access, Int32 rights, Boolean useRights, FileShare share, Int32 bufferSize, FileOptions options, SECURITY_ATTRIBUTES secAttrs, String msgPath, Boolean bFromProxy, Boolean useLongPath, Boolean checkHost)
   at System.IO.FileStream..ctor(String path, FileMode mode, FileAccess access, FileShare share, Int32 bufferSize)
   at System.IO.File.Create(String path)
   at HaoProgram.AppointmentScanRequest.LoadBtn_Click(Object sender, EventArgs e) in C:\Users\Oska\source\repos\HaoProgram\HaoProgram\formcontrol\AppointmentScanRequest.cs:line 126
   at System.Windows.Forms.Control.OnClick(EventArgs e)
   at System.Windows.Forms.Button.OnClick(EventArgs e)
   at System.Windows.Forms.Button.OnMouseUp(MouseEventArgs mevent)
   at System.Windows.Forms.Control.WmMouseUp(Message& m, MouseButtons button, Int32 clicks)
   at System.Windows.Forms.Control.WndProc(Message& m)
   at System.Windows.Forms.ButtonBase.WndProc(Message& m)
   at System.Windows.Forms.Button.WndProc(Message& m)
   at System.Windows.Forms.Control.ControlNativeWindow.OnMessage(Message& m)
   at System.Windows.Forms.Control.ControlNativeWindow.WndProc(Message& m)
   at System.Windows.Forms.NativeWindow.Callback(IntPtr hWnd, Int32 msg, IntPtr wparam, IntPtr lparam)
5/6/2018 4:49:21 PM => Thread Error : System.IO.IOException: The file 'C:\Users\Oska\source\repos\HaoProgram\HaoProgram\bin\Debug\/data/customer/JLU 6152/1525596561.png' already exists.
   at System.IO.__Error.WinIOError(Int32 errorCode, String maybeFullPath)
   at System.IO.File.InternalCopy(String sourceFileName, String destFileName, Boolean overwrite, Boolean checkHost)
   at System.IO.File.Copy(String sourceFileName, String destFileName)
   at HaoProgram.AppointmentScanRequest.LoadBtn_Click(Object sender, EventArgs e) in C:\Users\Oska\source\repos\HaoProgram\HaoProgram\formcontrol\AppointmentScanRequest.cs:line 137
   at System.Windows.Forms.Control.OnClick(EventArgs e)
   at System.Windows.Forms.Button.OnClick(EventArgs e)
   at System.Windows.Forms.Button.OnMouseUp(MouseEventArgs mevent)
   at System.Windows.Forms.Control.WmMouseUp(Message& m, MouseButtons button, Int32 clicks)
   at System.Windows.Forms.Control.WndProc(Message& m)
   at System.Windows.Forms.ButtonBase.WndProc(Message& m)
   at System.Windows.Forms.Button.WndProc(Message& m)
   at System.Windows.Forms.Control.ControlNativeWindow.OnMessage(Message& m)
   at System.Windows.Forms.Control.ControlNativeWindow.WndProc(Message& m)
   at System.Windows.Forms.NativeWindow.Callback(IntPtr hWnd, Int32 msg, IntPtr wparam, IntPtr lparam)
5/6/2018 4:49:33 PM => Thread Error : System.ArgumentOutOfRangeException: Index was out of range. Must be non-negative and less than the size of the collection.
Parameter name: index
   at System.ThrowHelper.ThrowArgumentOutOfRangeException(ExceptionArgument argument, ExceptionResource resource)
   at System.Collections.Generic.List`1.get_Item(Int32 index)
   at HaoProgram.AppointmentScanRequest.CancelBtn_Click(Object sender, EventArgs e) in C:\Users\Oska\source\repos\HaoProgram\HaoProgram\formcontrol\AppointmentScanRequest.cs:line 85
   at System.Windows.Forms.Control.OnClick(EventArgs e)
   at System.Windows.Forms.Button.OnClick(EventArgs e)
   at System.Windows.Forms.Button.OnMouseUp(MouseEventArgs mevent)
   at System.Windows.Forms.Control.WmMouseUp(Message& m, MouseButtons button, Int32 clicks)
   at System.Windows.Forms.Control.WndProc(Message& m)
   at System.Windows.Forms.ButtonBase.WndProc(Message& m)
   at System.Windows.Forms.Button.WndProc(Message& m)
   at System.Windows.Forms.Control.ControlNativeWindow.OnMessage(Message& m)
   at System.Windows.Forms.Control.ControlNativeWindow.WndProc(Message& m)
   at System.Windows.Forms.NativeWindow.Callback(IntPtr hWnd, Int32 msg, IntPtr wparam, IntPtr lparam)
5/6/2018 4:49:35 PM => Thread Error : System.ArgumentOutOfRangeException: Index was out of range. Must be non-negative and less than the size of the collection.
Parameter name: index
   at System.ThrowHelper.ThrowArgumentOutOfRangeException(ExceptionArgument argument, ExceptionResource resource)
   at System.Collections.Generic.List`1.get_Item(Int32 index)
   at HaoProgram.AppointmentScanRequest.CancelBtn_Click(Object sender, EventArgs e) in C:\Users\Oska\source\repos\HaoProgram\HaoProgram\formcontrol\AppointmentScanRequest.cs:line 85
   at System.Windows.Forms.Control.OnClick(EventArgs e)
   at System.Windows.Forms.Button.OnClick(EventArgs e)
   at System.Windows.Forms.Button.OnMouseUp(MouseEventArgs mevent)
   at System.Windows.Forms.Control.WmMouseUp(Message& m, MouseButtons button, Int32 clicks)
   at System.Windows.Forms.Control.WndProc(Message& m)
   at System.Windows.Forms.ButtonBase.WndProc(Message& m)
   at System.Windows.Forms.Button.WndProc(Message& m)
   at System.Windows.Forms.Control.ControlNativeWindow.OnMessage(Message& m)
   at System.Windows.Forms.Control.ControlNativeWindow.WndProc(Message& m)
   at System.Windows.Forms.NativeWindow.Callback(IntPtr hWnd, Int32 msg, IntPtr wparam, IntPtr lparam)
5/6/2018 4:49:36 PM => Thread Error : System.ArgumentOutOfRangeException: Index was out of range. Must be non-negative and less than the size of the collection.
Parameter name: index
   at System.ThrowHelper.ThrowArgumentOutOfRangeException(ExceptionArgument argument, ExceptionResource resource)
   at System.Collections.Generic.List`1.get_Item(Int32 index)
   at HaoProgram.AppointmentScanRequest.CancelBtn_Click(Object sender, EventArgs e) in C:\Users\Oska\source\repos\HaoProgram\HaoProgram\formcontrol\AppointmentScanRequest.cs:line 85
   at System.Windows.Forms.Control.OnClick(EventArgs e)
   at System.Windows.Forms.Button.OnClick(EventArgs e)
   at System.Windows.Forms.Button.OnMouseUp(MouseEventArgs mevent)
   at System.Windows.Forms.Control.WmMouseUp(Message& m, MouseButtons button, Int32 clicks)
   at System.Windows.Forms.Control.WndProc(Message& m)
   at System.Windows.Forms.ButtonBase.WndProc(Message& m)
   at System.Windows.Forms.Button.WndProc(Message& m)
   at System.Windows.Forms.Control.ControlNativeWindow.OnMessage(Message& m)
   at System.Windows.Forms.Control.ControlNativeWindow.WndProc(Message& m)
   at System.Windows.Forms.NativeWindow.Callback(IntPtr hWnd, Int32 msg, IntPtr wparam, IntPtr lparam)
5/6/2018 4:49:38 PM => Thread Error : System.ArgumentOutOfRangeException: Index was out of range. Must be non-negative and less than the size of the collection.
Parameter name: index
   at System.ThrowHelper.ThrowArgumentOutOfRangeException(ExceptionArgument argument, ExceptionResource resource)
   at System.Collections.Generic.List`1.get_Item(Int32 index)
   at HaoProgram.AppointmentScanRequest.CancelBtn_Click(Object sender, EventArgs e) in C:\Users\Oska\source\repos\HaoProgram\HaoProgram\formcontrol\AppointmentScanRequest.cs:line 85
   at System.Windows.Forms.Control.OnClick(EventArgs e)
   at System.Windows.Forms.Button.OnClick(EventArgs e)
   at System.Windows.Forms.Button.OnMouseUp(MouseEventArgs mevent)
   at System.Windows.Forms.Control.WmMouseUp(Message& m, MouseButtons button, Int32 clicks)
   at System.Windows.Forms.Control.WndProc(Message& m)
   at System.Windows.Forms.ButtonBase.WndProc(Message& m)
   at System.Windows.Forms.Button.WndProc(Message& m)
   at System.Windows.Forms.Control.ControlNativeWindow.OnMessage(Message& m)
   at System.Windows.Forms.Control.ControlNativeWindow.WndProc(Message& m)
   at System.Windows.Forms.NativeWindow.Callback(IntPtr hWnd, Int32 msg, IntPtr wparam, IntPtr lparam)
5/6/2018 4:52:50 PM => Thread Error : System.ArgumentOutOfRangeException: Index was out of range. Must be non-negative and less than the size of the collection.
Parameter name: index
   at System.ThrowHelper.ThrowArgumentOutOfRangeException(ExceptionArgument argument, ExceptionResource resource)
   at System.Collections.Generic.List`1.get_Item(Int32 index)
   at HaoProgram.AppointmentScanRequest.CancelBtn_Click(Object sender, EventArgs e) in C:\Users\Oska\source\repos\HaoProgram\HaoProgram\formcontrol\AppointmentScanRequest.cs:line 85
   at System.Windows.Forms.Control.OnClick(EventArgs e)
   at System.Windows.Forms.Button.OnClick(EventArgs e)
   at System.Windows.Forms.Button.OnMouseUp(MouseEventArgs mevent)
   at System.Windows.Forms.Control.WmMouseUp(Message& m, MouseButtons button, Int32 clicks)
   at System.Windows.Forms.Control.WndProc(Message& m)
   at System.Windows.Forms.ButtonBase.WndProc(Message& m)
   at System.Windows.Forms.Button.WndProc(Message& m)
   at System.Windows.Forms.Control.ControlNativeWindow.OnMessage(Message& m)
   at System.Windows.Forms.Control.ControlNativeWindow.WndProc(Message& m)
   at System.Windows.Forms.NativeWindow.Callback(IntPtr hWnd, Int32 msg, IntPtr wparam, IntPtr lparam)
5/6/2018 4:54:47 PM => Thread Error : System.ArgumentOutOfRangeException: Index was out of range. Must be non-negative and less than the size of the collection.
Parameter name: index
   at System.ThrowHelper.ThrowArgumentOutOfRangeException(ExceptionArgument argument, ExceptionResource resource)
   at System.Collections.Generic.List`1.get_Item(Int32 index)
   at HaoProgram.AppointmentScanRequest.CancelBtn_Click(Object sender, EventArgs e) in C:\Users\Oska\source\repos\HaoProgram\HaoProgram\formcontrol\AppointmentScanRequest.cs:line 84
   at System.Windows.Forms.Control.OnClick(EventArgs e)
   at System.Windows.Forms.Button.OnClick(EventArgs e)
   at System.Windows.Forms.Button.OnMouseUp(MouseEventArgs mevent)
   at System.Windows.Forms.Control.WmMouseUp(Message& m, MouseButtons button, Int32 clicks)
   at System.Windows.Forms.Control.WndProc(Message& m)
   at System.Windows.Forms.ButtonBase.WndProc(Message& m)
   at System.Windows.Forms.Button.WndProc(Message& m)
   at System.Windows.Forms.Control.ControlNativeWindow.OnMessage(Message& m)
   at System.Windows.Forms.Control.ControlNativeWindow.WndProc(Message& m)
   at System.Windows.Forms.NativeWindow.Callback(IntPtr hWnd, Int32 msg, IntPtr wparam, IntPtr lparam)
5/6/2018 4:56:56 PM => Thread Error : System.ComponentModel.Win32Exception (0x80004005): No application is associated with the specified file for this operation
   at System.Diagnostics.Process.StartWithShellExecuteEx(ProcessStartInfo startInfo)
   at System.Diagnostics.Process.Start()
   at System.Diagnostics.Process.Start(ProcessStartInfo startInfo)
   at System.Diagnostics.Process.Start(String fileName)
   at HaoProgram.AppointmentScanRequest.ScannerImage_Click(Object sender, EventArgs e) in C:\Users\Oska\source\repos\HaoProgram\HaoProgram\formcontrol\AppointmentScanRequest.cs:line 123
   at System.Windows.Forms.Control.OnClick(EventArgs e)
   at System.Windows.Forms.Control.WmMouseUp(Message& m, MouseButtons button, Int32 clicks)
   at System.Windows.Forms.Control.WndProc(Message& m)
   at System.Windows.Forms.Control.ControlNativeWindow.OnMessage(Message& m)
   at System.Windows.Forms.Control.ControlNativeWindow.WndProc(Message& m)
   at System.Windows.Forms.NativeWindow.Callback(IntPtr hWnd, Int32 msg, IntPtr wparam, IntPtr lparam)
5/6/2018 4:56:57 PM => Thread Error : System.ComponentModel.Win32Exception (0x80004005): No application is associated with the specified file for this operation
   at System.Diagnostics.Process.StartWithShellExecuteEx(ProcessStartInfo startInfo)
   at System.Diagnostics.Process.Start()
   at System.Diagnostics.Process.Start(ProcessStartInfo startInfo)
   at System.Diagnostics.Process.Start(String fileName)
   at HaoProgram.AppointmentScanRequest.ScannerImage_Click(Object sender, EventArgs e) in C:\Users\Oska\source\repos\HaoProgram\HaoProgram\formcontrol\AppointmentScanRequest.cs:line 123
   at System.Windows.Forms.Control.OnClick(EventArgs e)
   at System.Windows.Forms.Control.WmMouseUp(Message& m, MouseButtons button, Int32 clicks)
   at System.Windows.Forms.Control.WndProc(Message& m)
   at System.Windows.Forms.Control.ControlNativeWindow.OnMessage(Message& m)
   at System.Windows.Forms.Control.ControlNativeWindow.WndProc(Message& m)
   at System.Windows.Forms.NativeWindow.Callback(IntPtr hWnd, Int32 msg, IntPtr wparam, IntPtr lparam)
5/6/2018 4:56:58 PM => Thread Error : System.ComponentModel.Win32Exception (0x80004005): No application is associated with the specified file for this operation
   at System.Diagnostics.Process.StartWithShellExecuteEx(ProcessStartInfo startInfo)
   at System.Diagnostics.Process.Start()
   at System.Diagnostics.Process.Start(ProcessStartInfo startInfo)
   at System.Diagnostics.Process.Start(String fileName)
   at HaoProgram.AppointmentScanRequest.ScannerImage_Click(Object sender, EventArgs e) in C:\Users\Oska\source\repos\HaoProgram\HaoProgram\formcontrol\AppointmentScanRequest.cs:line 123
   at System.Windows.Forms.Control.OnClick(EventArgs e)
   at System.Windows.Forms.Control.WmMouseUp(Message& m, MouseButtons button, Int32 clicks)
   at System.Windows.Forms.Control.WndProc(Message& m)
   at System.Windows.Forms.Control.ControlNativeWindow.OnMessage(Message& m)
   at System.Windows.Forms.Control.ControlNativeWindow.WndProc(Message& m)
   at System.Windows.Forms.NativeWindow.Callback(IntPtr hWnd, Int32 msg, IntPtr wparam, IntPtr lparam)
5/6/2018 4:56:58 PM => Thread Error : System.ComponentModel.Win32Exception (0x80004005): No application is associated with the specified file for this operation
   at System.Diagnostics.Process.StartWithShellExecuteEx(ProcessStartInfo startInfo)
   at System.Diagnostics.Process.Start()
   at System.Diagnostics.Process.Start(ProcessStartInfo startInfo)
   at System.Diagnostics.Process.Start(String fileName)
   at HaoProgram.AppointmentScanRequest.ScannerImage_Click(Object sender, EventArgs e) in C:\Users\Oska\source\repos\HaoProgram\HaoProgram\formcontrol\AppointmentScanRequest.cs:line 123
   at System.Windows.Forms.Control.OnClick(EventArgs e)
   at System.Windows.Forms.Control.WmMouseUp(Message& m, MouseButtons button, Int32 clicks)
   at System.Windows.Forms.Control.WndProc(Message& m)
   at System.Windows.Forms.Control.ControlNativeWindow.OnMessage(Message& m)
   at System.Windows.Forms.Control.ControlNativeWindow.WndProc(Message& m)
   at System.Windows.Forms.NativeWindow.Callback(IntPtr hWnd, Int32 msg, IntPtr wparam, IntPtr lparam)
5/6/2018 4:56:59 PM => Thread Error : System.ComponentModel.Win32Exception (0x80004005): No application is associated with the specified file for this operation
   at System.Diagnostics.Process.StartWithShellExecuteEx(ProcessStartInfo startInfo)
   at System.Diagnostics.Process.Start()
   at System.Diagnostics.Process.Start(ProcessStartInfo startInfo)
   at System.Diagnostics.Process.Start(String fileName)
   at HaoProgram.AppointmentScanRequest.ScannerImage_Click(Object sender, EventArgs e) in C:\Users\Oska\source\repos\HaoProgram\HaoProgram\formcontrol\AppointmentScanRequest.cs:line 123
   at System.Windows.Forms.Control.OnClick(EventArgs e)
   at System.Windows.Forms.Control.WmMouseUp(Message& m, MouseButtons button, Int32 clicks)
   at System.Windows.Forms.Control.WndProc(Message& m)
   at System.Windows.Forms.Control.ControlNativeWindow.OnMessage(Message& m)
   at System.Windows.Forms.Control.ControlNativeWindow.WndProc(Message& m)
   at System.Windows.Forms.NativeWindow.Callback(IntPtr hWnd, Int32 msg, IntPtr wparam, IntPtr lparam)
5/6/2018 4:56:59 PM => Thread Error : System.ComponentModel.Win32Exception (0x80004005): No application is associated with the specified file for this operation
   at System.Diagnostics.Process.StartWithShellExecuteEx(ProcessStartInfo startInfo)
   at System.Diagnostics.Process.Start()
   at System.Diagnostics.Process.Start(ProcessStartInfo startInfo)
   at System.Diagnostics.Process.Start(String fileName)
   at HaoProgram.AppointmentScanRequest.ScannerImage_Click(Object sender, EventArgs e) in C:\Users\Oska\source\repos\HaoProgram\HaoProgram\formcontrol\AppointmentScanRequest.cs:line 123
   at System.Windows.Forms.Control.OnClick(EventArgs e)
   at System.Windows.Forms.Control.WmMouseUp(Message& m, MouseButtons button, Int32 clicks)
   at System.Windows.Forms.Control.WndProc(Message& m)
   at System.Windows.Forms.Control.ControlNativeWindow.OnMessage(Message& m)
   at System.Windows.Forms.Control.ControlNativeWindow.WndProc(Message& m)
   at System.Windows.Forms.NativeWindow.Callback(IntPtr hWnd, Int32 msg, IntPtr wparam, IntPtr lparam)
5/6/2018 4:57:00 PM => Thread Error : System.ComponentModel.Win32Exception (0x80004005): No application is associated with the specified file for this operation
   at System.Diagnostics.Process.StartWithShellExecuteEx(ProcessStartInfo startInfo)
   at System.Diagnostics.Process.Start()
   at System.Diagnostics.Process.Start(ProcessStartInfo startInfo)
   at System.Diagnostics.Process.Start(String fileName)
   at HaoProgram.AppointmentScanRequest.ScannerImage_Click(Object sender, EventArgs e) in C:\Users\Oska\source\repos\HaoProgram\HaoProgram\formcontrol\AppointmentScanRequest.cs:line 123
   at System.Windows.Forms.Control.OnClick(EventArgs e)
   at System.Windows.Forms.Control.WmMouseUp(Message& m, MouseButtons button, Int32 clicks)
   at System.Windows.Forms.Control.WndProc(Message& m)
   at System.Windows.Forms.Control.ControlNativeWindow.OnMessage(Message& m)
   at System.Windows.Forms.Control.ControlNativeWindow.WndProc(Message& m)
   at System.Windows.Forms.NativeWindow.Callback(IntPtr hWnd, Int32 msg, IntPtr wparam, IntPtr lparam)
5/6/2018 4:57:00 PM => Thread Error : System.ComponentModel.Win32Exception (0x80004005): No application is associated with the specified file for this operation
   at System.Diagnostics.Process.StartWithShellExecuteEx(ProcessStartInfo startInfo)
   at System.Diagnostics.Process.Start()
   at System.Diagnostics.Process.Start(ProcessStartInfo startInfo)
   at System.Diagnostics.Process.Start(String fileName)
   at HaoProgram.AppointmentScanRequest.ScannerImage_Click(Object sender, EventArgs e) in C:\Users\Oska\source\repos\HaoProgram\HaoProgram\formcontrol\AppointmentScanRequest.cs:line 123
   at System.Windows.Forms.Control.OnClick(EventArgs e)
   at System.Windows.Forms.Control.WmMouseUp(Message& m, MouseButtons button, Int32 clicks)
   at System.Windows.Forms.Control.WndProc(Message& m)
   at System.Windows.Forms.Control.ControlNativeWindow.OnMessage(Message& m)
   at System.Windows.Forms.Control.ControlNativeWindow.WndProc(Message& m)
   at System.Windows.Forms.NativeWindow.Callback(IntPtr hWnd, Int32 msg, IntPtr wparam, IntPtr lparam)
5/6/2018 5:00:54 PM => Thread Error : System.NullReferenceException: Object reference not set to an instance of an object.
   at HaoProgram.AppointmentScanRequest..ctor(Customer cmr) in C:\Users\Oska\source\repos\HaoProgram\HaoProgram\formcontrol\AppointmentScanRequest.cs:line 32
   at HaoProgram.MainWindow.<>c__DisplayClass41_2.<InitializeUI>b__9(Object sender_b, ActionEventArgs at2) in C:\Users\Oska\source\repos\HaoProgram\HaoProgram\MainWindow.xaml.cs:line 267
   at HaoProgram.AppointmentDataRequest.ScanSaveButton_Click(Object sender, EventArgs e) in C:\Users\Oska\source\repos\HaoProgram\HaoProgram\formcontrol\AppointmentDataRequest.cs:line 76
   at System.Windows.Forms.Control.OnClick(EventArgs e)
   at System.Windows.Forms.Button.OnClick(EventArgs e)
   at System.Windows.Forms.Button.OnMouseUp(MouseEventArgs mevent)
   at System.Windows.Forms.Control.WmMouseUp(Message& m, MouseButtons button, Int32 clicks)
   at System.Windows.Forms.Control.WndProc(Message& m)
   at System.Windows.Forms.ButtonBase.WndProc(Message& m)
   at System.Windows.Forms.Button.WndProc(Message& m)
   at System.Windows.Forms.Control.ControlNativeWindow.OnMessage(Message& m)
   at System.Windows.Forms.Control.ControlNativeWindow.WndProc(Message& m)
   at System.Windows.Forms.NativeWindow.Callback(IntPtr hWnd, Int32 msg, IntPtr wparam, IntPtr lparam)
5/6/2018 5:29:56 PM => Thread Error : System.IO.IOException: The directory is not empty.

   at System.IO.__Error.WinIOError(Int32 errorCode, String maybeFullPath)
   at System.IO.Directory.DeleteHelper(String fullPath, String userPath, Boolean recursive, Boolean throwOnTopLevelDirectoryNotFound)
   at System.IO.Directory.Delete(String fullPath, String userPath, Boolean recursive, Boolean checkHost)
   at System.IO.Directory.Delete(String path)
   at HaoProgram.CustomerDataDisplay.DeleteBtn_Click(Object sender, EventArgs e) in C:\Users\Oska\source\repos\HaoProgram\HaoProgram\formcontrol\CustomerDataDisplay.cs:line 133
   at System.Windows.Forms.Control.OnClick(EventArgs e)
   at System.Windows.Forms.Button.OnClick(EventArgs e)
   at System.Windows.Forms.Button.OnMouseUp(MouseEventArgs mevent)
   at System.Windows.Forms.Control.WmMouseUp(Message& m, MouseButtons button, Int32 clicks)
   at System.Windows.Forms.Control.WndProc(Message& m)
   at System.Windows.Forms.ButtonBase.WndProc(Message& m)
   at System.Windows.Forms.Button.WndProc(Message& m)
   at System.Windows.Forms.Control.ControlNativeWindow.OnMessage(Message& m)
   at System.Windows.Forms.Control.ControlNativeWindow.WndProc(Message& m)
   at System.Windows.Forms.NativeWindow.Callback(IntPtr hWnd, Int32 msg, IntPtr wparam, IntPtr lparam)
5/8/2018 5:46:22 PM => Thread Error : System.IO.IOException: The process cannot access the file 'C:\Users\Oska\source\repos\HaoProgram\HaoProgram\bin\Debug\data\customer\JLU 6152\1525772772.png' because it is being used by another process.
   at System.IO.__Error.WinIOError(Int32 errorCode, String maybeFullPath)
   at System.IO.File.InternalDelete(String path, Boolean checkHost)
   at System.IO.File.Delete(String path)
   at HaoProgram.AppointmentScanRequest.CancelBtn_Click(Object sender, EventArgs e) in C:\Users\Oska\source\repos\HaoProgram\HaoProgram\formcontrol\AppointmentScanRequest.cs:line 77
   at System.Windows.Forms.Control.OnClick(EventArgs e)
   at System.Windows.Forms.Button.OnClick(EventArgs e)
   at System.Windows.Forms.Button.OnMouseUp(MouseEventArgs mevent)
   at System.Windows.Forms.Control.WmMouseUp(Message& m, MouseButtons button, Int32 clicks)
   at System.Windows.Forms.Control.WndProc(Message& m)
   at System.Windows.Forms.ButtonBase.WndProc(Message& m)
   at System.Windows.Forms.Button.WndProc(Message& m)
   at System.Windows.Forms.Control.ControlNativeWindow.OnMessage(Message& m)
   at System.Windows.Forms.Control.ControlNativeWindow.WndProc(Message& m)
   at System.Windows.Forms.NativeWindow.Callback(IntPtr hWnd, Int32 msg, IntPtr wparam, IntPtr lparam)
5/8/2018 5:47:06 PM => Thread Error : System.IO.IOException: The process cannot access the file 'C:\Users\Oska\source\repos\HaoProgram\HaoProgram\bin\Debug\data\customer\JLU 6152\1525772772.png' because it is being used by another process.
   at System.IO.__Error.WinIOError(Int32 errorCode, String maybeFullPath)
   at System.IO.File.InternalDelete(String path, Boolean checkHost)
   at System.IO.File.Delete(String path)
   at HaoProgram.AppointmentScanRequest.CancelBtn_Click(Object sender, EventArgs e) in C:\Users\Oska\source\repos\HaoProgram\HaoProgram\formcontrol\AppointmentScanRequest.cs:line 77
   at System.Windows.Forms.Control.OnClick(EventArgs e)
   at System.Windows.Forms.Button.OnClick(EventArgs e)
   at System.Windows.Forms.Button.OnMouseUp(MouseEventArgs mevent)
   at System.Windows.Forms.Control.WmMouseUp(Message& m, MouseButtons button, Int32 clicks)
   at System.Windows.Forms.Control.WndProc(Message& m)
   at System.Windows.Forms.ButtonBase.WndProc(Message& m)
   at System.Windows.Forms.Button.WndProc(Message& m)
   at System.Windows.Forms.Control.ControlNativeWindow.OnMessage(Message& m)
   at System.Windows.Forms.Control.ControlNativeWindow.WndProc(Message& m)
   at System.Windows.Forms.NativeWindow.Callback(IntPtr hWnd, Int32 msg, IntPtr wparam, IntPtr lparam)
5/8/2018 5:47:22 PM => Thread Error : System.IO.IOException: The process cannot access the file 'C:\Users\Oska\source\repos\HaoProgram\HaoProgram\bin\Debug\data\customer\JLU 6152\1525772773.png' because it is being used by another process.
   at System.IO.__Error.WinIOError(Int32 errorCode, String maybeFullPath)
   at System.IO.File.InternalDelete(String path, Boolean checkHost)
   at System.IO.File.Delete(String path)
   at HaoProgram.AppointmentScanRequest.CancelBtn_Click(Object sender, EventArgs e) in C:\Users\Oska\source\repos\HaoProgram\HaoProgram\formcontrol\AppointmentScanRequest.cs:line 77
   at System.Windows.Forms.Control.OnClick(EventArgs e)
   at System.Windows.Forms.Button.OnClick(EventArgs e)
   at System.Windows.Forms.Button.OnMouseUp(MouseEventArgs mevent)
   at System.Windows.Forms.Control.WmMouseUp(Message& m, MouseButtons button, Int32 clicks)
   at System.Windows.Forms.Control.WndProc(Message& m)
   at System.Windows.Forms.ButtonBase.WndProc(Message& m)
   at System.Windows.Forms.Button.WndProc(Message& m)
   at System.Windows.Forms.Control.ControlNativeWindow.OnMessage(Message& m)
   at System.Windows.Forms.Control.ControlNativeWindow.WndProc(Message& m)
   at System.Windows.Forms.NativeWindow.Callback(IntPtr hWnd, Int32 msg, IntPtr wparam, IntPtr lparam)
5/8/2018 5:47:22 PM => Thread Error : System.IO.IOException: The process cannot access the file 'C:\Users\Oska\source\repos\HaoProgram\HaoProgram\bin\Debug\data\customer\JLU 6152\1525772773.png' because it is being used by another process.
   at System.IO.__Error.WinIOError(Int32 errorCode, String maybeFullPath)
   at System.IO.File.InternalDelete(String path, Boolean checkHost)
   at System.IO.File.Delete(String path)
   at HaoProgram.AppointmentScanRequest.CancelBtn_Click(Object sender, EventArgs e) in C:\Users\Oska\source\repos\HaoProgram\HaoProgram\formcontrol\AppointmentScanRequest.cs:line 77
   at System.Windows.Forms.Control.OnClick(EventArgs e)
   at System.Windows.Forms.Button.OnClick(EventArgs e)
   at System.Windows.Forms.Button.OnMouseUp(MouseEventArgs mevent)
   at System.Windows.Forms.Control.WmMouseUp(Message& m, MouseButtons button, Int32 clicks)
   at System.Windows.Forms.Control.WndProc(Message& m)
   at System.Windows.Forms.ButtonBase.WndProc(Message& m)
   at System.Windows.Forms.Button.WndProc(Message& m)
   at System.Windows.Forms.Control.ControlNativeWindow.OnMessage(Message& m)
   at System.Windows.Forms.Control.ControlNativeWindow.WndProc(Message& m)
   at System.Windows.Forms.NativeWindow.Callback(IntPtr hWnd, Int32 msg, IntPtr wparam, IntPtr lparam)
5/8/2018 5:47:22 PM => Thread Error : System.IO.IOException: The process cannot access the file 'C:\Users\Oska\source\repos\HaoProgram\HaoProgram\bin\Debug\data\customer\JLU 6152\1525772773.png' because it is being used by another process.
   at System.IO.__Error.WinIOError(Int32 errorCode, String maybeFullPath)
   at System.IO.File.InternalDelete(String path, Boolean checkHost)
   at System.IO.File.Delete(String path)
   at HaoProgram.AppointmentScanRequest.CancelBtn_Click(Object sender, EventArgs e) in C:\Users\Oska\source\repos\HaoProgram\HaoProgram\formcontrol\AppointmentScanRequest.cs:line 77
   at System.Windows.Forms.Control.OnClick(EventArgs e)
   at System.Windows.Forms.Button.OnClick(EventArgs e)
   at System.Windows.Forms.Button.OnMouseUp(MouseEventArgs mevent)
   at System.Windows.Forms.Control.WmMouseUp(Message& m, MouseButtons button, Int32 clicks)
   at System.Windows.Forms.Control.WndProc(Message& m)
   at System.Windows.Forms.ButtonBase.WndProc(Message& m)
   at System.Windows.Forms.Button.WndProc(Message& m)
   at System.Windows.Forms.Control.ControlNativeWindow.OnMessage(Message& m)
   at System.Windows.Forms.Control.ControlNativeWindow.WndProc(Message& m)
   at System.Windows.Forms.NativeWindow.Callback(IntPtr hWnd, Int32 msg, IntPtr wparam, IntPtr lparam)
5/8/2018 5:47:22 PM => Thread Error : System.IO.IOException: The process cannot access the file 'C:\Users\Oska\source\repos\HaoProgram\HaoProgram\bin\Debug\data\customer\JLU 6152\1525772773.png' because it is being used by another process.
   at System.IO.__Error.WinIOError(Int32 errorCode, String maybeFullPath)
   at System.IO.File.InternalDelete(String path, Boolean checkHost)
   at System.IO.File.Delete(String path)
   at HaoProgram.AppointmentScanRequest.CancelBtn_Click(Object sender, EventArgs e) in C:\Users\Oska\source\repos\HaoProgram\HaoProgram\formcontrol\AppointmentScanRequest.cs:line 77
   at System.Windows.Forms.Control.OnClick(EventArgs e)
   at System.Windows.Forms.Button.OnClick(EventArgs e)
   at System.Windows.Forms.Button.OnMouseUp(MouseEventArgs mevent)
   at System.Windows.Forms.Control.WmMouseUp(Message& m, MouseButtons button, Int32 clicks)
   at System.Windows.Forms.Control.WndProc(Message& m)
   at System.Windows.Forms.ButtonBase.WndProc(Message& m)
   at System.Windows.Forms.Button.WndProc(Message& m)
   at System.Windows.Forms.Control.ControlNativeWindow.OnMessage(Message& m)
   at System.Windows.Forms.Control.ControlNativeWindow.WndProc(Message& m)
   at System.Windows.Forms.NativeWindow.Callback(IntPtr hWnd, Int32 msg, IntPtr wparam, IntPtr lparam)
5/8/2018 5:49:29 PM => Thread Error : System.IO.IOException: The process cannot access the file 'C:\Users\Oska\source\repos\HaoProgram\HaoProgram\bin\Debug\data\customer\JLU 6152\1525772773.png' because it is being used by another process.
   at System.IO.__Error.WinIOError(Int32 errorCode, String maybeFullPath)
   at System.IO.File.InternalDelete(String path, Boolean checkHost)
   at System.IO.File.Delete(String path)
   at HaoProgram.AppointmentScanRequest.CancelBtn_Click(Object sender, EventArgs e) in C:\Users\Oska\source\repos\HaoProgram\HaoProgram\formcontrol\AppointmentScanRequest.cs:line 77
   at System.Windows.Forms.Control.OnClick(EventArgs e)
   at System.Windows.Forms.Button.OnClick(EventArgs e)
   at System.Windows.Forms.Button.OnMouseUp(MouseEventArgs mevent)
   at System.Windows.Forms.Control.WmMouseUp(Message& m, MouseButtons button, Int32 clicks)
   at System.Windows.Forms.Control.WndProc(Message& m)
   at System.Windows.Forms.ButtonBase.WndProc(Message& m)
   at System.Windows.Forms.Button.WndProc(Message& m)
   at System.Windows.Forms.Control.ControlNativeWindow.OnMessage(Message& m)
   at System.Windows.Forms.Control.ControlNativeWindow.WndProc(Message& m)
   at System.Windows.Forms.NativeWindow.Callback(IntPtr hWnd, Int32 msg, IntPtr wparam, IntPtr lparam)
5/8/2018 5:50:06 PM => Thread Error : System.IO.IOException: The process cannot access the file 'C:\Users\Oska\source\repos\HaoProgram\HaoProgram\bin\Debug\data\customer\JLU 6152\1525772773.png' because it is being used by another process.
   at System.IO.__Error.WinIOError(Int32 errorCode, String maybeFullPath)
   at System.IO.File.InternalDelete(String path, Boolean checkHost)
   at System.IO.File.Delete(String path)
   at HaoProgram.AppointmentScanRequest.CancelBtn_Click(Object sender, EventArgs e) in C:\Users\Oska\source\repos\HaoProgram\HaoProgram\formcontrol\AppointmentScanRequest.cs:line 77
   at System.Windows.Forms.Control.OnClick(EventArgs e)
   at System.Windows.Forms.Button.OnClick(EventArgs e)
   at System.Windows.Forms.Button.OnMouseUp(MouseEventArgs mevent)
   at System.Windows.Forms.Control.WmMouseUp(Message& m, MouseButtons button, Int32 clicks)
   at System.Windows.Forms.Control.WndProc(Message& m)
   at System.Windows.Forms.ButtonBase.WndProc(Message& m)
   at System.Windows.Forms.Button.WndProc(Message& m)
   at System.Windows.Forms.Control.ControlNativeWindow.OnMessage(Message& m)
   at System.Windows.Forms.Control.ControlNativeWindow.WndProc(Message& m)
   at System.Windows.Forms.NativeWindow.Callback(IntPtr hWnd, Int32 msg, IntPtr wparam, IntPtr lparam)
5/8/2018 5:52:08 PM => Thread Error : System.IO.IOException: The process cannot access the file 'C:\Users\Oska\source\repos\HaoProgram\HaoProgram\bin\Debug\data\customer\JLU 6152\1525772773.png' because it is being used by another process.
   at System.IO.__Error.WinIOError(Int32 errorCode, String maybeFullPath)
   at System.IO.File.InternalDelete(String path, Boolean checkHost)
   at System.IO.File.Delete(String path)
   at HaoProgram.AppointmentScanRequest.CancelBtn_Click(Object sender, EventArgs e) in C:\Users\Oska\source\repos\HaoProgram\HaoProgram\formcontrol\AppointmentScanRequest.cs:line 78
   at System.Windows.Forms.Control.OnClick(EventArgs e)
   at System.Windows.Forms.Button.OnClick(EventArgs e)
   at System.Windows.Forms.Button.OnMouseUp(MouseEventArgs mevent)
   at System.Windows.Forms.Control.WmMouseUp(Message& m, MouseButtons button, Int32 clicks)
   at System.Windows.Forms.Control.WndProc(Message& m)
   at System.Windows.Forms.ButtonBase.WndProc(Message& m)
   at System.Windows.Forms.Button.WndProc(Message& m)
   at System.Windows.Forms.Control.ControlNativeWindow.OnMessage(Message& m)
   at System.Windows.Forms.Control.ControlNativeWindow.WndProc(Message& m)
   at System.Windows.Forms.NativeWindow.Callback(IntPtr hWnd, Int32 msg, IntPtr wparam, IntPtr lparam)
5/8/2018 5:52:27 PM => Thread Error : System.IO.IOException: The process cannot access the file 'C:\Users\Oska\source\repos\HaoProgram\HaoProgram\bin\Debug\data\customer\JLU 6152\1525772769.png' because it is being used by another process.
   at System.IO.__Error.WinIOError(Int32 errorCode, String maybeFullPath)
   at System.IO.File.InternalDelete(String path, Boolean checkHost)
   at System.IO.File.Delete(String path)
   at HaoProgram.AppointmentScanRequest.CancelBtn_Click(Object sender, EventArgs e) in C:\Users\Oska\source\repos\HaoProgram\HaoProgram\formcontrol\AppointmentScanRequest.cs:line 78
   at System.Windows.Forms.Control.OnClick(EventArgs e)
   at System.Windows.Forms.Button.OnClick(EventArgs e)
   at System.Windows.Forms.Button.OnMouseUp(MouseEventArgs mevent)
   at System.Windows.Forms.Control.WmMouseUp(Message& m, MouseButtons button, Int32 clicks)
   at System.Windows.Forms.Control.WndProc(Message& m)
   at System.Windows.Forms.ButtonBase.WndProc(Message& m)
   at System.Windows.Forms.Button.WndProc(Message& m)
   at System.Windows.Forms.Control.ControlNativeWindow.OnMessage(Message& m)
   at System.Windows.Forms.Control.ControlNativeWindow.WndProc(Message& m)
   at System.Windows.Forms.NativeWindow.Callback(IntPtr hWnd, Int32 msg, IntPtr wparam, IntPtr lparam)
5/8/2018 5:53:52 PM => Thread Error : System.IO.IOException: The process cannot access the file 'C:\Users\Oska\source\repos\HaoProgram\HaoProgram\bin\Debug\data\customer\JLU 6152\1525772773.png' because it is being used by another process.
   at System.IO.__Error.WinIOError(Int32 errorCode, String maybeFullPath)
   at System.IO.File.InternalDelete(String path, Boolean checkHost)
   at System.IO.File.Delete(String path)
   at HaoProgram.AppointmentScanRequest.CancelBtn_Click(Object sender, EventArgs e) in C:\Users\Oska\source\repos\HaoProgram\HaoProgram\formcontrol\AppointmentScanRequest.cs:line 76
   at System.Windows.Forms.Control.OnClick(EventArgs e)
   at System.Windows.Forms.Button.OnClick(EventArgs e)
   at System.Windows.Forms.Button.OnMouseUp(MouseEventArgs mevent)
   at System.Windows.Forms.Control.WmMouseUp(Message& m, MouseButtons button, Int32 clicks)
   at System.Windows.Forms.Control.WndProc(Message& m)
   at System.Windows.Forms.ButtonBase.WndProc(Message& m)
   at System.Windows.Forms.Button.WndProc(Message& m)
   at System.Windows.Forms.Control.ControlNativeWindow.OnMessage(Message& m)
   at System.Windows.Forms.Control.ControlNativeWindow.WndProc(Message& m)
   at System.Windows.Forms.NativeWindow.Callback(IntPtr hWnd, Int32 msg, IntPtr wparam, IntPtr lparam)
5/8/2018 6:02:50 PM => Thread Error : System.IO.IOException: The process cannot access the file 'C:\Users\Oska\source\repos\HaoProgram\HaoProgram\bin\Debug\data\customer\JLU 6152\1525772773.png' because it is being used by another process.
   at System.IO.__Error.WinIOError(Int32 errorCode, String maybeFullPath)
   at System.IO.File.InternalDelete(String path, Boolean checkHost)
   at System.IO.File.Delete(String path)
   at HaoProgram.AppointmentScanRequest.CancelBtn_Click(Object sender, EventArgs e) in C:\Users\Oska\source\repos\HaoProgram\HaoProgram\formcontrol\AppointmentScanRequest.cs:line 76
   at System.Windows.Forms.Control.OnClick(EventArgs e)
   at System.Windows.Forms.Button.OnClick(EventArgs e)
   at System.Windows.Forms.Button.OnMouseUp(MouseEventArgs mevent)
   at System.Windows.Forms.Control.WmMouseUp(Message& m, MouseButtons button, Int32 clicks)
   at System.Windows.Forms.Control.WndProc(Message& m)
   at System.Windows.Forms.ButtonBase.WndProc(Message& m)
   at System.Windows.Forms.Button.WndProc(Message& m)
   at System.Windows.Forms.Control.ControlNativeWindow.OnMessage(Message& m)
   at System.Windows.Forms.Control.ControlNativeWindow.WndProc(Message& m)
   at System.Windows.Forms.NativeWindow.Callback(IntPtr hWnd, Int32 msg, IntPtr wparam, IntPtr lparam)
5/8/2018 6:26:45 PM => Unhandled Error : System.Security.SecurityException: Requested registry access is not allowed.
   at System.ThrowHelper.ThrowSecurityException(ExceptionResource resource)
   at Microsoft.Win32.RegistryKey.OpenSubKey(String name, Boolean writable)
   at HaoProgram.App..ctor() in C:\Users\Oska\source\repos\HaoProgram\HaoProgram\App.xaml.cs:line 68
   at HaoProgram.App.Main()
The Zone of the assembly that failed was:
MyComputer
